{"/Users/prbhvv/Coding/cascade_project/railway-planner/backend/testApp.js": {"path":"/Users/prbhvv/Coding/cascade_project/railway-planner/backend/testApp.js","statementMap":{"0":{"start":{"line":1,"column":16},"end":{"line":1,"column":34}},"1":{"start":{"line":2,"column":17},"end":{"line":2,"column":36}},"2":{"start":{"line":3,"column":13},"end":{"line":3,"column":28}},"3":{"start":{"line":4,"column":19},"end":{"line":4,"column":41}},"4":{"start":{"line":7,"column":21},"end":{"line":7,"column":53}},"5":{"start":{"line":10,"column":12},"end":{"line":10,"column":21}},"6":{"start":{"line":13,"column":0},"end":{"line":13,"column":16}},"7":{"start":{"line":14,"column":0},"end":{"line":14,"column":24}},"8":{"start":{"line":15,"column":0},"end":{"line":15,"column":27}},"9":{"start":{"line":16,"column":0},"end":{"line":16,"column":51}},"10":{"start":{"line":19,"column":0},"end":{"line":19,"column":37}},"11":{"start":{"line":22,"column":0},"end":{"line":29,"column":3}},"12":{"start":{"line":23,"column":2},"end":{"line":23,"column":27}},"13":{"start":{"line":24,"column":2},"end":{"line":28,"column":5}},"14":{"start":{"line":32,"column":0},"end":{"line":38,"column":3}},"15":{"start":{"line":33,"column":2},"end":{"line":37,"column":5}},"16":{"start":{"line":40,"column":0},"end":{"line":40,"column":21}}},"fnMap":{"0":{"name":"(anonymous_0)","decl":{"start":{"line":22,"column":8},"end":{"line":22,"column":9}},"loc":{"start":{"line":22,"column":33},"end":{"line":29,"column":1}},"line":22},"1":{"name":"(anonymous_1)","decl":{"start":{"line":32,"column":8},"end":{"line":32,"column":9}},"loc":{"start":{"line":32,"column":22},"end":{"line":38,"column":1}},"line":32}},"branchMap":{"0":{"loc":{"start":{"line":27,"column":11},"end":{"line":27,"column":68}},"type":"cond-expr","locations":[{"start":{"line":27,"column":52},"end":{"line":27,"column":63}},{"start":{"line":27,"column":66},"end":{"line":27,"column":68}}],"line":27}},"s":{"0":1,"1":1,"2":1,"3":1,"4":1,"5":1,"6":1,"7":1,"8":1,"9":1,"10":1,"11":1,"12":0,"13":0,"14":1,"15":0,"16":1},"f":{"0":0,"1":0},"b":{"0":[0,0]},"_coverageSchema":"1a1c01bbd47fc00a2c39e90264f33305004495a9","hash":"f9b644e1bf5d7a9713b5cc2906baf2ce2530fa23"}
,"/Users/prbhvv/Coding/cascade_project/railway-planner/backend/models/Review.js": {"path":"/Users/prbhvv/Coding/cascade_project/railway-planner/backend/models/Review.js","statementMap":{"0":{"start":{"line":1,"column":17},"end":{"line":1,"column":36}},"1":{"start":{"line":3,"column":21},"end":{"line":53,"column":2}},"2":{"start":{"line":56,"column":0},"end":{"line":56,"column":60}},"3":{"start":{"line":57,"column":0},"end":{"line":57,"column":34}},"4":{"start":{"line":58,"column":0},"end":{"line":58,"column":36}},"5":{"start":{"line":61,"column":0},"end":{"line":63,"column":3}},"6":{"start":{"line":62,"column":4},"end":{"line":62,"column":29}},"7":{"start":{"line":66,"column":0},"end":{"line":68,"column":3}},"8":{"start":{"line":67,"column":4},"end":{"line":67,"column":32}},"9":{"start":{"line":71,"column":0},"end":{"line":84,"column":3}},"10":{"start":{"line":72,"column":4},"end":{"line":82,"column":5}},"11":{"start":{"line":73,"column":21},"end":{"line":73,"column":66}},"12":{"start":{"line":75,"column":22},"end":{"line":78,"column":44}},"13":{"start":{"line":78,"column":28},"end":{"line":78,"column":43}},"14":{"start":{"line":81,"column":8},"end":{"line":81,"column":57}},"15":{"start":{"line":83,"column":4},"end":{"line":83,"column":11}},"16":{"start":{"line":87,"column":0},"end":{"line":145,"column":2}},"17":{"start":{"line":88,"column":20},"end":{"line":88,"column":39}},"18":{"start":{"line":89,"column":20},"end":{"line":89,"column":41}},"19":{"start":{"line":90,"column":14},"end":{"line":90,"column":28}},"20":{"start":{"line":93,"column":28},"end":{"line":113,"column":5}},"21":{"start":{"line":94,"column":20},"end":{"line":94,"column":40}},"22":{"start":{"line":95,"column":18},"end":{"line":95,"column":19}},"23":{"start":{"line":96,"column":16},"end":{"line":96,"column":17}},"24":{"start":{"line":98,"column":8},"end":{"line":111,"column":9}},"25":{"start":{"line":99,"column":12},"end":{"line":110,"column":13}},"26":{"start":{"line":100,"column":16},"end":{"line":100,"column":22}},"27":{"start":{"line":101,"column":16},"end":{"line":101,"column":29}},"28":{"start":{"line":102,"column":16},"end":{"line":102,"column":20}},"29":{"start":{"line":104,"column":16},"end":{"line":109,"column":17}},"30":{"start":{"line":105,"column":20},"end":{"line":105,"column":39}},"31":{"start":{"line":107,"column":20},"end":{"line":107,"column":31}},"32":{"start":{"line":108,"column":20},"end":{"line":108,"column":24}},"33":{"start":{"line":112,"column":8},"end":{"line":112,"column":19}},"34":{"start":{"line":115,"column":22},"end":{"line":138,"column":5}},"35":{"start":{"line":116,"column":18},"end":{"line":116,"column":29}},"36":{"start":{"line":117,"column":16},"end":{"line":117,"column":17}},"37":{"start":{"line":118,"column":16},"end":{"line":118,"column":17}},"38":{"start":{"line":119,"column":20},"end":{"line":119,"column":44}},"39":{"start":{"line":121,"column":8},"end":{"line":136,"column":9}},"40":{"start":{"line":122,"column":12},"end":{"line":135,"column":13}},"41":{"start":{"line":123,"column":16},"end":{"line":123,"column":20}},"42":{"start":{"line":124,"column":16},"end":{"line":124,"column":20}},"43":{"start":{"line":126,"column":16},"end":{"line":128,"column":17}},"44":{"start":{"line":127,"column":20},"end":{"line":127,"column":32}},"45":{"start":{"line":130,"column":16},"end":{"line":134,"column":17}},"46":{"start":{"line":131,"column":20},"end":{"line":131,"column":35}},"47":{"start":{"line":133,"column":20},"end":{"line":133,"column":24}},"48":{"start":{"line":137,"column":8},"end":{"line":137,"column":21}},"49":{"start":{"line":141,"column":4},"end":{"line":144,"column":6}},"50":{"start":{"line":142,"column":8},"end":{"line":143,"column":47}},"51":{"start":{"line":147,"column":0},"end":{"line":147,"column":56}}},"fnMap":{"0":{"name":"(anonymous_0)","decl":{"start":{"line":61,"column":38},"end":{"line":61,"column":39}},"loc":{"start":{"line":61,"column":49},"end":{"line":63,"column":1}},"line":61},"1":{"name":"(anonymous_1)","decl":{"start":{"line":66,"column":41},"end":{"line":66,"column":42}},"loc":{"start":{"line":66,"column":52},"end":{"line":68,"column":1}},"line":66},"2":{"name":"(anonymous_2)","decl":{"start":{"line":71,"column":25},"end":{"line":71,"column":26}},"loc":{"start":{"line":71,"column":40},"end":{"line":84,"column":1}},"line":71},"3":{"name":"(anonymous_3)","decl":{"start":{"line":78,"column":20},"end":{"line":78,"column":21}},"loc":{"start":{"line":78,"column":28},"end":{"line":78,"column":43}},"line":78},"4":{"name":"(anonymous_4)","decl":{"start":{"line":87,"column":39},"end":{"line":87,"column":40}},"loc":{"start":{"line":87,"column":63},"end":{"line":145,"column":1}},"line":87},"5":{"name":"(anonymous_5)","decl":{"start":{"line":93,"column":28},"end":{"line":93,"column":29}},"loc":{"start":{"line":93,"column":41},"end":{"line":113,"column":5}},"line":93},"6":{"name":"(anonymous_6)","decl":{"start":{"line":115,"column":22},"end":{"line":115,"column":23}},"loc":{"start":{"line":115,"column":32},"end":{"line":138,"column":5}},"line":115},"7":{"name":"(anonymous_7)","decl":{"start":{"line":141,"column":26},"end":{"line":141,"column":27}},"loc":{"start":{"line":142,"column":8},"end":{"line":143,"column":47}},"line":142}},"branchMap":{"0":{"loc":{"start":{"line":72,"column":4},"end":{"line":82,"column":5}},"type":"if","locations":[{"start":{"line":72,"column":4},"end":{"line":82,"column":5}},{"start":{},"end":{}}],"line":72},"1":{"loc":{"start":{"line":72,"column":8},"end":{"line":72,"column":62}},"type":"binary-expr","locations":[{"start":{"line":72,"column":8},"end":{"line":72,"column":32}},{"start":{"line":72,"column":36},"end":{"line":72,"column":62}}],"line":72},"2":{"loc":{"start":{"line":99,"column":12},"end":{"line":110,"column":13}},"type":"if","locations":[{"start":{"line":99,"column":12},"end":{"line":110,"column":13}},{"start":{"line":103,"column":19},"end":{"line":110,"column":13}}],"line":99},"3":{"loc":{"start":{"line":104,"column":16},"end":{"line":109,"column":17}},"type":"if","locations":[{"start":{"line":104,"column":16},"end":{"line":109,"column":17}},{"start":{"line":106,"column":23},"end":{"line":109,"column":17}}],"line":104},"4":{"loc":{"start":{"line":122,"column":12},"end":{"line":135,"column":13}},"type":"if","locations":[{"start":{"line":122,"column":12},"end":{"line":135,"column":13}},{"start":{"line":129,"column":19},"end":{"line":135,"column":13}}],"line":122},"5":{"loc":{"start":{"line":126,"column":16},"end":{"line":128,"column":17}},"type":"if","locations":[{"start":{"line":126,"column":16},"end":{"line":128,"column":17}},{"start":{},"end":{}}],"line":126},"6":{"loc":{"start":{"line":130,"column":16},"end":{"line":134,"column":17}},"type":"if","locations":[{"start":{"line":130,"column":16},"end":{"line":134,"column":17}},{"start":{"line":132,"column":23},"end":{"line":134,"column":17}}],"line":130},"7":{"loc":{"start":{"line":142,"column":8},"end":{"line":143,"column":47}},"type":"binary-expr","locations":[{"start":{"line":142,"column":8},"end":{"line":142,"column":45}},{"start":{"line":143,"column":8},"end":{"line":143,"column":47}}],"line":142}},"s":{"0":1,"1":1,"2":1,"3":1,"4":1,"5":1,"6":1,"7":1,"8":1,"9":1,"10":1,"11":1,"12":1,"13":20,"14":1,"15":1,"16":1,"17":0,"18":0,"19":0,"20":0,"21":0,"22":0,"23":0,"24":0,"25":0,"26":0,"27":0,"28":0,"29":0,"30":0,"31":0,"32":0,"33":0,"34":0,"35":0,"36":0,"37":0,"38":0,"39":0,"40":0,"41":0,"42":0,"43":0,"44":0,"45":0,"46":0,"47":0,"48":0,"49":0,"50":0,"51":1},"f":{"0":1,"1":1,"2":1,"3":20,"4":0,"5":0,"6":0,"7":0},"b":{"0":[1,0],"1":[1,0],"2":[0,0],"3":[0,0],"4":[0,0],"5":[0,0],"6":[0,0],"7":[0,0]},"_coverageSchema":"1a1c01bbd47fc00a2c39e90264f33305004495a9","hash":"3b16425021881b9a0da91ece05eec7d25651ea19"}
,"/Users/prbhvv/Coding/cascade_project/railway-planner/backend/models/Station.js": {"path":"/Users/prbhvv/Coding/cascade_project/railway-planner/backend/models/Station.js","statementMap":{"0":{"start":{"line":1,"column":17},"end":{"line":1,"column":36}},"1":{"start":{"line":3,"column":22},"end":{"line":40,"column":2}},"2":{"start":{"line":43,"column":0},"end":{"line":43,"column":33}},"3":{"start":{"line":44,"column":0},"end":{"line":44,"column":67}},"4":{"start":{"line":47,"column":0},"end":{"line":59,"column":2}},"5":{"start":{"line":48,"column":4},"end":{"line":58,"column":7}},"6":{"start":{"line":62,"column":0},"end":{"line":62,"column":46}},"7":{"start":{"line":64,"column":0},"end":{"line":64,"column":58}}},"fnMap":{"0":{"name":"(anonymous_0)","decl":{"start":{"line":47,"column":35},"end":{"line":47,"column":36}},"loc":{"start":{"line":47,"column":86},"end":{"line":59,"column":1}},"line":47}},"branchMap":{"0":{"loc":{"start":{"line":47,"column":65},"end":{"line":47,"column":84}},"type":"default-arg","locations":[{"start":{"line":47,"column":79},"end":{"line":47,"column":84}}],"line":47}},"s":{"0":1,"1":1,"2":1,"3":1,"4":1,"5":0,"6":1,"7":1},"f":{"0":0},"b":{"0":[0]},"_coverageSchema":"1a1c01bbd47fc00a2c39e90264f33305004495a9","hash":"a390d1eef7f056fdb3d1dc3b826cc12f9273b00a"}
,"/Users/prbhvv/Coding/cascade_project/railway-planner/backend/models/Train.js": {"path":"/Users/prbhvv/Coding/cascade_project/railway-planner/backend/models/Train.js","statementMap":{"0":{"start":{"line":1,"column":17},"end":{"line":1,"column":36}},"1":{"start":{"line":3,"column":20},"end":{"line":80,"column":2}},"2":{"start":{"line":83,"column":0},"end":{"line":83,"column":38}},"3":{"start":{"line":84,"column":0},"end":{"line":84,"column":49}},"4":{"start":{"line":85,"column":0},"end":{"line":85,"column":42}},"5":{"start":{"line":88,"column":0},"end":{"line":90,"column":2}},"6":{"start":{"line":89,"column":4},"end":{"line":89,"column":46}},"7":{"start":{"line":93,"column":0},"end":{"line":112,"column":2}},"8":{"start":{"line":94,"column":17},"end":{"line":94,"column":66}},"9":{"start":{"line":95,"column":23},"end":{"line":95,"column":40}},"10":{"start":{"line":97,"column":4},"end":{"line":109,"column":5}},"11":{"start":{"line":97,"column":17},"end":{"line":97,"column":18}},"12":{"start":{"line":98,"column":25},"end":{"line":98,"column":45}},"13":{"start":{"line":99,"column":24},"end":{"line":99,"column":38}},"14":{"start":{"line":101,"column":8},"end":{"line":108,"column":9}},"15":{"start":{"line":102,"column":31},"end":{"line":102,"column":49}},"16":{"start":{"line":103,"column":12},"end":{"line":103,"column":71}},"17":{"start":{"line":104,"column":12},"end":{"line":107,"column":14}},"18":{"start":{"line":111,"column":4},"end":{"line":111,"column":16}},"19":{"start":{"line":114,"column":0},"end":{"line":114,"column":54}}},"fnMap":{"0":{"name":"(anonymous_0)","decl":{"start":{"line":88,"column":32},"end":{"line":88,"column":33}},"loc":{"start":{"line":88,"column":46},"end":{"line":90,"column":1}},"line":88},"1":{"name":"(anonymous_1)","decl":{"start":{"line":93,"column":40},"end":{"line":93,"column":41}},"loc":{"start":{"line":93,"column":72},"end":{"line":112,"column":1}},"line":93}},"branchMap":{"0":{"loc":{"start":{"line":93,"column":49},"end":{"line":93,"column":70}},"type":"default-arg","locations":[{"start":{"line":93,"column":60},"end":{"line":93,"column":70}}],"line":93},"1":{"loc":{"start":{"line":101,"column":8},"end":{"line":108,"column":9}},"type":"if","locations":[{"start":{"line":101,"column":8},"end":{"line":108,"column":9}},{"start":{},"end":{}}],"line":101},"2":{"loc":{"start":{"line":103,"column":53},"end":{"line":103,"column":68}},"type":"cond-expr","locations":[{"start":{"line":103,"column":63},"end":{"line":103,"column":64}},{"start":{"line":103,"column":67},"end":{"line":103,"column":68}}],"line":103}},"s":{"0":1,"1":1,"2":1,"3":1,"4":1,"5":1,"6":0,"7":1,"8":0,"9":0,"10":0,"11":0,"12":0,"13":0,"14":0,"15":0,"16":0,"17":0,"18":0,"19":1},"f":{"0":0,"1":0},"b":{"0":[0],"1":[0,0],"2":[0,0]},"_coverageSchema":"1a1c01bbd47fc00a2c39e90264f33305004495a9","hash":"d7ef6b966ba1a4c2a3ee1d88bb326b116d09899d"}
,"/Users/prbhvv/Coding/cascade_project/railway-planner/backend/models/User.js": {"path":"/Users/prbhvv/Coding/cascade_project/railway-planner/backend/models/User.js","statementMap":{"0":{"start":{"line":1,"column":17},"end":{"line":1,"column":36}},"1":{"start":{"line":2,"column":15},"end":{"line":2,"column":34}},"2":{"start":{"line":4,"column":19},"end":{"line":33,"column":2}},"3":{"start":{"line":36,"column":0},"end":{"line":46,"column":3}},"4":{"start":{"line":37,"column":4},"end":{"line":37,"column":52}},"5":{"start":{"line":37,"column":38},"end":{"line":37,"column":52}},"6":{"start":{"line":39,"column":4},"end":{"line":45,"column":5}},"7":{"start":{"line":40,"column":21},"end":{"line":40,"column":45}},"8":{"start":{"line":41,"column":8},"end":{"line":41,"column":63}},"9":{"start":{"line":42,"column":8},"end":{"line":42,"column":15}},"10":{"start":{"line":44,"column":8},"end":{"line":44,"column":20}},"11":{"start":{"line":49,"column":0},"end":{"line":51,"column":2}},"12":{"start":{"line":50,"column":4},"end":{"line":50,"column":66}},"13":{"start":{"line":53,"column":0},"end":{"line":53,"column":52}}},"fnMap":{"0":{"name":"(anonymous_0)","decl":{"start":{"line":36,"column":23},"end":{"line":36,"column":24}},"loc":{"start":{"line":36,"column":44},"end":{"line":46,"column":1}},"line":36},"1":{"name":"(anonymous_1)","decl":{"start":{"line":49,"column":37},"end":{"line":49,"column":38}},"loc":{"start":{"line":49,"column":71},"end":{"line":51,"column":1}},"line":49}},"branchMap":{"0":{"loc":{"start":{"line":37,"column":4},"end":{"line":37,"column":52}},"type":"if","locations":[{"start":{"line":37,"column":4},"end":{"line":37,"column":52}},{"start":{},"end":{}}],"line":37}},"s":{"0":1,"1":1,"2":1,"3":1,"4":1,"5":0,"6":1,"7":1,"8":1,"9":1,"10":0,"11":1,"12":0,"13":1},"f":{"0":1,"1":0},"b":{"0":[0,1]},"_coverageSchema":"1a1c01bbd47fc00a2c39e90264f33305004495a9","hash":"bc27b25e883fddc76dbc4ad030b42aa48191f1a7"}
,"/Users/prbhvv/Coding/cascade_project/railway-planner/backend/routes/searchRoutes.js": {"path":"/Users/prbhvv/Coding/cascade_project/railway-planner/backend/routes/searchRoutes.js","statementMap":{"0":{"start":{"line":1,"column":16},"end":{"line":1,"column":34}},"1":{"start":{"line":2,"column":15},"end":{"line":2,"column":31}},"2":{"start":{"line":3,"column":27},"end":{"line":3,"column":68}},"3":{"start":{"line":4,"column":18},"end":{"line":4,"column":47}},"4":{"start":{"line":5,"column":13},"end":{"line":5,"column":37}},"5":{"start":{"line":6,"column":18},"end":{"line":6,"column":47}},"6":{"start":{"line":7,"column":14},"end":{"line":7,"column":40}},"7":{"start":{"line":8,"column":15},"end":{"line":8,"column":42}},"8":{"start":{"line":9,"column":16},"end":{"line":9,"column":44}},"9":{"start":{"line":12,"column":30},"end":{"line":44,"column":1}},"10":{"start":{"line":13,"column":2},"end":{"line":43,"column":3}},"11":{"start":{"line":14,"column":21},"end":{"line":14,"column":43}},"12":{"start":{"line":15,"column":19},"end":{"line":15,"column":63}},"13":{"start":{"line":18,"column":19},"end":{"line":18,"column":21}},"14":{"start":{"line":20,"column":4},"end":{"line":37,"column":7}},"15":{"start":{"line":21,"column":20},"end":{"line":21,"column":71}},"16":{"start":{"line":21,"column":47},"end":{"line":21,"column":70}},"17":{"start":{"line":23,"column":6},"end":{"line":36,"column":7}},"18":{"start":{"line":23,"column":19},"end":{"line":23,"column":20}},"19":{"start":{"line":24,"column":8},"end":{"line":35,"column":11}},"20":{"start":{"line":39,"column":4},"end":{"line":39,"column":57}},"21":{"start":{"line":40,"column":4},"end":{"line":40,"column":51}},"22":{"start":{"line":42,"column":4},"end":{"line":42,"column":68}},"23":{"start":{"line":47,"column":0},"end":{"line":47,"column":24}},"24":{"start":{"line":50,"column":0},"end":{"line":83,"column":3}},"25":{"start":{"line":51,"column":2},"end":{"line":82,"column":3}},"26":{"start":{"line":52,"column":36},"end":{"line":52,"column":45}},"27":{"start":{"line":54,"column":4},"end":{"line":59,"column":5}},"28":{"start":{"line":55,"column":6},"end":{"line":58,"column":9}},"29":{"start":{"line":61,"column":18},"end":{"line":61,"column":76}},"30":{"start":{"line":63,"column":4},"end":{"line":68,"column":5}},"31":{"start":{"line":64,"column":6},"end":{"line":67,"column":9}},"32":{"start":{"line":70,"column":4},"end":{"line":74,"column":7}},"33":{"start":{"line":76,"column":4},"end":{"line":76,"column":49}},"34":{"start":{"line":77,"column":4},"end":{"line":81,"column":7}},"35":{"start":{"line":86,"column":0},"end":{"line":118,"column":3}},"36":{"start":{"line":87,"column":2},"end":{"line":117,"column":3}},"37":{"start":{"line":88,"column":25},"end":{"line":88,"column":34}},"38":{"start":{"line":90,"column":4},"end":{"line":95,"column":5}},"39":{"start":{"line":91,"column":6},"end":{"line":94,"column":9}},"40":{"start":{"line":97,"column":17},"end":{"line":97,"column":68}},"41":{"start":{"line":99,"column":4},"end":{"line":104,"column":5}},"42":{"start":{"line":100,"column":6},"end":{"line":103,"column":9}},"43":{"start":{"line":106,"column":4},"end":{"line":109,"column":7}},"44":{"start":{"line":111,"column":4},"end":{"line":111,"column":57}},"45":{"start":{"line":112,"column":4},"end":{"line":116,"column":7}},"46":{"start":{"line":121,"column":0},"end":{"line":169,"column":3}},"47":{"start":{"line":122,"column":2},"end":{"line":168,"column":3}},"48":{"start":{"line":123,"column":54},"end":{"line":123,"column":63}},"49":{"start":{"line":125,"column":4},"end":{"line":130,"column":5}},"50":{"start":{"line":126,"column":6},"end":{"line":129,"column":9}},"51":{"start":{"line":132,"column":19},"end":{"line":132,"column":21}},"52":{"start":{"line":133,"column":4},"end":{"line":133,"column":40}},"53":{"start":{"line":133,"column":17},"end":{"line":133,"column":40}},"54":{"start":{"line":134,"column":4},"end":{"line":134,"column":46}},"55":{"start":{"line":134,"column":19},"end":{"line":134,"column":46}},"56":{"start":{"line":136,"column":20},"end":{"line":139,"column":29}},"57":{"start":{"line":141,"column":20},"end":{"line":154,"column":44}},"58":{"start":{"line":143,"column":26},"end":{"line":143,"column":93}},"59":{"start":{"line":144,"column":8},"end":{"line":150,"column":9}},"60":{"start":{"line":145,"column":10},"end":{"line":149,"column":12}},"61":{"start":{"line":151,"column":8},"end":{"line":151,"column":20}},"62":{"start":{"line":154,"column":22},"end":{"line":154,"column":43}},"63":{"start":{"line":156,"column":4},"end":{"line":160,"column":7}},"64":{"start":{"line":162,"column":4},"end":{"line":162,"column":53}},"65":{"start":{"line":163,"column":4},"end":{"line":167,"column":7}},"66":{"start":{"line":172,"column":0},"end":{"line":220,"column":3}},"67":{"start":{"line":173,"column":2},"end":{"line":219,"column":3}},"68":{"start":{"line":174,"column":35},"end":{"line":174,"column":44}},"69":{"start":{"line":176,"column":4},"end":{"line":181,"column":5}},"70":{"start":{"line":177,"column":6},"end":{"line":180,"column":9}},"71":{"start":{"line":184,"column":20},"end":{"line":184,"column":52}},"72":{"start":{"line":185,"column":17},"end":{"line":185,"column":27}},"73":{"start":{"line":188,"column":27},"end":{"line":188,"column":36}},"74":{"start":{"line":190,"column":4},"end":{"line":198,"column":7}},"75":{"start":{"line":191,"column":27},"end":{"line":191,"column":82}},"76":{"start":{"line":193,"column":6},"end":{"line":197,"column":9}},"77":{"start":{"line":194,"column":8},"end":{"line":196,"column":9}},"78":{"start":{"line":195,"column":10},"end":{"line":195,"column":72}},"79":{"start":{"line":201,"column":4},"end":{"line":203,"column":7}},"80":{"start":{"line":202,"column":6},"end":{"line":202,"column":36}},"81":{"start":{"line":205,"column":24},"end":{"line":205,"column":83}},"82":{"start":{"line":207,"column":4},"end":{"line":211,"column":7}},"83":{"start":{"line":213,"column":4},"end":{"line":213,"column":51}},"84":{"start":{"line":214,"column":4},"end":{"line":218,"column":7}},"85":{"start":{"line":223,"column":0},"end":{"line":323,"column":3}},"86":{"start":{"line":224,"column":2},"end":{"line":322,"column":3}},"87":{"start":{"line":230,"column":8},"end":{"line":230,"column":16}},"88":{"start":{"line":232,"column":4},"end":{"line":237,"column":5}},"89":{"start":{"line":233,"column":6},"end":{"line":236,"column":9}},"90":{"start":{"line":240,"column":25},"end":{"line":240,"column":61}},"91":{"start":{"line":243,"column":23},"end":{"line":243,"column":25}},"92":{"start":{"line":245,"column":4},"end":{"line":276,"column":5}},"93":{"start":{"line":246,"column":6},"end":{"line":250,"column":9}},"94":{"start":{"line":251,"column":11},"end":{"line":276,"column":5}},"95":{"start":{"line":252,"column":6},"end":{"line":256,"column":9}},"96":{"start":{"line":257,"column":11},"end":{"line":276,"column":5}},"97":{"start":{"line":258,"column":6},"end":{"line":262,"column":9}},"98":{"start":{"line":263,"column":11},"end":{"line":276,"column":5}},"99":{"start":{"line":264,"column":6},"end":{"line":268,"column":9}},"100":{"start":{"line":269,"column":11},"end":{"line":276,"column":5}},"101":{"start":{"line":271,"column":6},"end":{"line":275,"column":10}},"102":{"start":{"line":271,"column":45},"end":{"line":275,"column":7}},"103":{"start":{"line":279,"column":22},"end":{"line":302,"column":5}},"104":{"start":{"line":280,"column":6},"end":{"line":300,"column":7}},"105":{"start":{"line":281,"column":42},"end":{"line":281,"column":50}},"106":{"start":{"line":282,"column":25},"end":{"line":282,"column":26}},"107":{"start":{"line":284,"column":8},"end":{"line":295,"column":9}},"108":{"start":{"line":285,"column":24},"end":{"line":285,"column":41}},"109":{"start":{"line":286,"column":24},"end":{"line":286,"column":41}},"110":{"start":{"line":287,"column":10},"end":{"line":287,"column":37}},"111":{"start":{"line":288,"column":15},"end":{"line":295,"column":9}},"112":{"start":{"line":289,"column":10},"end":{"line":289,"column":41}},"113":{"start":{"line":292,"column":23},"end":{"line":292,"column":58}},"114":{"start":{"line":293,"column":23},"end":{"line":293,"column":58}},"115":{"start":{"line":294,"column":10},"end":{"line":294,"column":48}},"116":{"start":{"line":297,"column":8},"end":{"line":299,"column":9}},"117":{"start":{"line":298,"column":10},"end":{"line":298,"column":54}},"118":{"start":{"line":301,"column":6},"end":{"line":301,"column":15}},"119":{"start":{"line":305,"column":27},"end":{"line":305,"column":73}},"120":{"start":{"line":308,"column":19},"end":{"line":308,"column":84}},"121":{"start":{"line":310,"column":4},"end":{"line":314,"column":7}},"122":{"start":{"line":316,"column":4},"end":{"line":316,"column":52}},"123":{"start":{"line":317,"column":4},"end":{"line":321,"column":7}},"124":{"start":{"line":325,"column":0},"end":{"line":325,"column":24}}},"fnMap":{"0":{"name":"(anonymous_0)","decl":{"start":{"line":12,"column":30},"end":{"line":12,"column":31}},"loc":{"start":{"line":12,"column":42},"end":{"line":44,"column":1}},"line":12},"1":{"name":"(anonymous_1)","decl":{"start":{"line":20,"column":19},"end":{"line":20,"column":20}},"loc":{"start":{"line":20,"column":28},"end":{"line":37,"column":5}},"line":20},"2":{"name":"(anonymous_2)","decl":{"start":{"line":21,"column":37},"end":{"line":21,"column":38}},"loc":{"start":{"line":21,"column":47},"end":{"line":21,"column":70}},"line":21},"3":{"name":"(anonymous_3)","decl":{"start":{"line":50,"column":27},"end":{"line":50,"column":28}},"loc":{"start":{"line":50,"column":47},"end":{"line":83,"column":1}},"line":50},"4":{"name":"(anonymous_4)","decl":{"start":{"line":86,"column":29},"end":{"line":86,"column":30}},"loc":{"start":{"line":86,"column":49},"end":{"line":118,"column":1}},"line":86},"5":{"name":"(anonymous_5)","decl":{"start":{"line":121,"column":30},"end":{"line":121,"column":31}},"loc":{"start":{"line":121,"column":50},"end":{"line":169,"column":1}},"line":121},"6":{"name":"(anonymous_6)","decl":{"start":{"line":142,"column":11},"end":{"line":142,"column":12}},"loc":{"start":{"line":142,"column":21},"end":{"line":152,"column":7}},"line":142},"7":{"name":"(anonymous_7)","decl":{"start":{"line":154,"column":12},"end":{"line":154,"column":13}},"loc":{"start":{"line":154,"column":22},"end":{"line":154,"column":43}},"line":154},"8":{"name":"(anonymous_8)","decl":{"start":{"line":172,"column":36},"end":{"line":172,"column":37}},"loc":{"start":{"line":172,"column":56},"end":{"line":220,"column":1}},"line":172},"9":{"name":"(anonymous_9)","decl":{"start":{"line":190,"column":20},"end":{"line":190,"column":21}},"loc":{"start":{"line":190,"column":30},"end":{"line":198,"column":5}},"line":190},"10":{"name":"(anonymous_10)","decl":{"start":{"line":193,"column":27},"end":{"line":193,"column":28}},"loc":{"start":{"line":193,"column":35},"end":{"line":197,"column":7}},"line":193},"11":{"name":"(anonymous_11)","decl":{"start":{"line":201,"column":27},"end":{"line":201,"column":28}},"loc":{"start":{"line":201,"column":49},"end":{"line":203,"column":5}},"line":201},"12":{"name":"(anonymous_12)","decl":{"start":{"line":223,"column":30},"end":{"line":223,"column":31}},"loc":{"start":{"line":223,"column":44},"end":{"line":323,"column":1}},"line":223},"13":{"name":"(anonymous_13)","decl":{"start":{"line":271,"column":32},"end":{"line":271,"column":33}},"loc":{"start":{"line":271,"column":45},"end":{"line":275,"column":7}},"line":271},"14":{"name":"(anonymous_14)","decl":{"start":{"line":279,"column":22},"end":{"line":279,"column":23}},"loc":{"start":{"line":279,"column":32},"end":{"line":302,"column":5}},"line":279}},"branchMap":{"0":{"loc":{"start":{"line":52,"column":22},"end":{"line":52,"column":31}},"type":"default-arg","locations":[{"start":{"line":52,"column":30},"end":{"line":52,"column":31}}],"line":52},"1":{"loc":{"start":{"line":54,"column":4},"end":{"line":59,"column":5}},"type":"if","locations":[{"start":{"line":54,"column":4},"end":{"line":59,"column":5}},{"start":{},"end":{}}],"line":54},"2":{"loc":{"start":{"line":54,"column":8},"end":{"line":54,"column":20}},"type":"binary-expr","locations":[{"start":{"line":54,"column":8},"end":{"line":54,"column":13}},{"start":{"line":54,"column":17},"end":{"line":54,"column":20}}],"line":54},"3":{"loc":{"start":{"line":63,"column":4},"end":{"line":68,"column":5}},"type":"if","locations":[{"start":{"line":63,"column":4},"end":{"line":68,"column":5}},{"start":{},"end":{}}],"line":63},"4":{"loc":{"start":{"line":63,"column":8},"end":{"line":63,"column":36}},"type":"binary-expr","locations":[{"start":{"line":63,"column":8},"end":{"line":63,"column":14}},{"start":{"line":63,"column":18},"end":{"line":63,"column":36}}],"line":63},"5":{"loc":{"start":{"line":90,"column":4},"end":{"line":95,"column":5}},"type":"if","locations":[{"start":{"line":90,"column":4},"end":{"line":95,"column":5}},{"start":{},"end":{}}],"line":90},"6":{"loc":{"start":{"line":90,"column":8},"end":{"line":90,"column":20}},"type":"binary-expr","locations":[{"start":{"line":90,"column":8},"end":{"line":90,"column":13}},{"start":{"line":90,"column":17},"end":{"line":90,"column":20}}],"line":90},"7":{"loc":{"start":{"line":99,"column":4},"end":{"line":104,"column":5}},"type":"if","locations":[{"start":{"line":99,"column":4},"end":{"line":104,"column":5}},{"start":{},"end":{}}],"line":99},"8":{"loc":{"start":{"line":123,"column":39},"end":{"line":123,"column":49}},"type":"default-arg","locations":[{"start":{"line":123,"column":47},"end":{"line":123,"column":49}}],"line":123},"9":{"loc":{"start":{"line":125,"column":4},"end":{"line":130,"column":5}},"type":"if","locations":[{"start":{"line":125,"column":4},"end":{"line":130,"column":5}},{"start":{},"end":{}}],"line":125},"10":{"loc":{"start":{"line":125,"column":8},"end":{"line":125,"column":34}},"type":"binary-expr","locations":[{"start":{"line":125,"column":8},"end":{"line":125,"column":14}},{"start":{"line":125,"column":18},"end":{"line":125,"column":34}}],"line":125},"11":{"loc":{"start":{"line":133,"column":4},"end":{"line":133,"column":40}},"type":"if","locations":[{"start":{"line":133,"column":4},"end":{"line":133,"column":40}},{"start":{},"end":{}}],"line":133},"12":{"loc":{"start":{"line":134,"column":4},"end":{"line":134,"column":46}},"type":"if","locations":[{"start":{"line":134,"column":4},"end":{"line":134,"column":46}},{"start":{},"end":{}}],"line":134},"13":{"loc":{"start":{"line":144,"column":8},"end":{"line":150,"column":9}},"type":"if","locations":[{"start":{"line":144,"column":8},"end":{"line":150,"column":9}},{"start":{},"end":{}}],"line":144},"14":{"loc":{"start":{"line":174,"column":20},"end":{"line":174,"column":30}},"type":"default-arg","locations":[{"start":{"line":174,"column":28},"end":{"line":174,"column":30}}],"line":174},"15":{"loc":{"start":{"line":176,"column":4},"end":{"line":181,"column":5}},"type":"if","locations":[{"start":{"line":176,"column":4},"end":{"line":181,"column":5}},{"start":{},"end":{}}],"line":176},"16":{"loc":{"start":{"line":176,"column":8},"end":{"line":176,"column":36}},"type":"binary-expr","locations":[{"start":{"line":176,"column":8},"end":{"line":176,"column":15}},{"start":{"line":176,"column":19},"end":{"line":176,"column":36}}],"line":176},"17":{"loc":{"start":{"line":191,"column":27},"end":{"line":191,"column":82}},"type":"binary-expr","locations":[{"start":{"line":191,"column":27},"end":{"line":191,"column":76}},{"start":{"line":191,"column":80},"end":{"line":191,"column":82}}],"line":191},"18":{"loc":{"start":{"line":194,"column":8},"end":{"line":196,"column":9}},"type":"if","locations":[{"start":{"line":194,"column":8},"end":{"line":196,"column":9}},{"start":{},"end":{}}],"line":194},"19":{"loc":{"start":{"line":195,"column":36},"end":{"line":195,"column":65}},"type":"binary-expr","locations":[{"start":{"line":195,"column":36},"end":{"line":195,"column":60}},{"start":{"line":195,"column":64},"end":{"line":195,"column":65}}],"line":195},"20":{"loc":{"start":{"line":227,"column":6},"end":{"line":227,"column":30}},"type":"default-arg","locations":[{"start":{"line":227,"column":15},"end":{"line":227,"column":30}}],"line":227},"21":{"loc":{"start":{"line":228,"column":6},"end":{"line":228,"column":19}},"type":"default-arg","locations":[{"start":{"line":228,"column":14},"end":{"line":228,"column":19}}],"line":228},"22":{"loc":{"start":{"line":232,"column":4},"end":{"line":237,"column":5}},"type":"if","locations":[{"start":{"line":232,"column":4},"end":{"line":237,"column":5}},{"start":{},"end":{}}],"line":232},"23":{"loc":{"start":{"line":245,"column":4},"end":{"line":276,"column":5}},"type":"if","locations":[{"start":{"line":245,"column":4},"end":{"line":276,"column":5}},{"start":{"line":251,"column":11},"end":{"line":276,"column":5}}],"line":245},"24":{"loc":{"start":{"line":251,"column":11},"end":{"line":276,"column":5}},"type":"if","locations":[{"start":{"line":251,"column":11},"end":{"line":276,"column":5}},{"start":{"line":257,"column":11},"end":{"line":276,"column":5}}],"line":251},"25":{"loc":{"start":{"line":257,"column":11},"end":{"line":276,"column":5}},"type":"if","locations":[{"start":{"line":257,"column":11},"end":{"line":276,"column":5}},{"start":{"line":263,"column":11},"end":{"line":276,"column":5}}],"line":257},"26":{"loc":{"start":{"line":263,"column":11},"end":{"line":276,"column":5}},"type":"if","locations":[{"start":{"line":263,"column":11},"end":{"line":276,"column":5}},{"start":{"line":269,"column":11},"end":{"line":276,"column":5}}],"line":263},"27":{"loc":{"start":{"line":269,"column":11},"end":{"line":276,"column":5}},"type":"if","locations":[{"start":{"line":269,"column":11},"end":{"line":276,"column":5}},{"start":{},"end":{}}],"line":269},"28":{"loc":{"start":{"line":274,"column":14},"end":{"line":274,"column":39}},"type":"binary-expr","locations":[{"start":{"line":274,"column":14},"end":{"line":274,"column":27}},{"start":{"line":274,"column":31},"end":{"line":274,"column":39}}],"line":274},"29":{"loc":{"start":{"line":284,"column":8},"end":{"line":295,"column":9}},"type":"if","locations":[{"start":{"line":284,"column":8},"end":{"line":295,"column":9}},{"start":{"line":288,"column":15},"end":{"line":295,"column":9}}],"line":284},"30":{"loc":{"start":{"line":288,"column":15},"end":{"line":295,"column":9}},"type":"if","locations":[{"start":{"line":288,"column":15},"end":{"line":295,"column":9}},{"start":{"line":290,"column":15},"end":{"line":295,"column":9}}],"line":288},"31":{"loc":{"start":{"line":292,"column":30},"end":{"line":292,"column":43}},"type":"binary-expr","locations":[{"start":{"line":292,"column":30},"end":{"line":292,"column":37}},{"start":{"line":292,"column":41},"end":{"line":292,"column":43}}],"line":292},"32":{"loc":{"start":{"line":293,"column":30},"end":{"line":293,"column":43}},"type":"binary-expr","locations":[{"start":{"line":293,"column":30},"end":{"line":293,"column":37}},{"start":{"line":293,"column":41},"end":{"line":293,"column":43}}],"line":293},"33":{"loc":{"start":{"line":297,"column":8},"end":{"line":299,"column":9}},"type":"if","locations":[{"start":{"line":297,"column":8},"end":{"line":299,"column":9}},{"start":{},"end":{}}],"line":297},"34":{"loc":{"start":{"line":298,"column":17},"end":{"line":298,"column":53}},"type":"cond-expr","locations":[{"start":{"line":298,"column":29},"end":{"line":298,"column":39}},{"start":{"line":298,"column":42},"end":{"line":298,"column":53}}],"line":298},"35":{"loc":{"start":{"line":308,"column":19},"end":{"line":308,"column":84}},"type":"cond-expr","locations":[{"start":{"line":308,"column":27},"end":{"line":308,"column":67}},{"start":{"line":308,"column":70},"end":{"line":308,"column":84}}],"line":308}},"s":{"0":1,"1":1,"2":1,"3":1,"4":1,"5":1,"6":1,"7":1,"8":1,"9":1,"10":1,"11":1,"12":1,"13":0,"14":0,"15":0,"16":0,"17":0,"18":0,"19":0,"20":0,"21":0,"22":1,"23":1,"24":1,"25":1,"26":1,"27":1,"28":1,"29":0,"30":0,"31":0,"32":0,"33":0,"34":0,"35":1,"36":2,"37":2,"38":2,"39":2,"40":0,"41":0,"42":0,"43":0,"44":0,"45":0,"46":1,"47":2,"48":2,"49":2,"50":0,"51":2,"52":2,"53":0,"54":2,"55":0,"56":2,"57":2,"58":2,"59":2,"60":1,"61":1,"62":0,"63":2,"64":0,"65":0,"66":1,"67":1,"68":1,"69":1,"70":0,"71":1,"72":1,"73":1,"74":1,"75":1,"76":1,"77":18,"78":17,"79":1,"80":11,"81":1,"82":1,"83":0,"84":0,"85":1,"86":1,"87":1,"88":1,"89":0,"90":1,"91":1,"92":1,"93":1,"94":0,"95":0,"96":0,"97":0,"98":0,"99":0,"100":0,"101":0,"102":0,"103":1,"104":3,"105":3,"106":3,"107":3,"108":3,"109":3,"110":3,"111":0,"112":0,"113":0,"114":0,"115":0,"116":3,"117":3,"118":0,"119":1,"120":1,"121":1,"122":0,"123":0,"124":1},"f":{"0":1,"1":0,"2":0,"3":1,"4":2,"5":2,"6":2,"7":0,"8":1,"9":1,"10":18,"11":11,"12":1,"13":0,"14":3},"b":{"0":[0],"1":[1,0],"2":[1,0],"3":[0,0],"4":[0,0],"5":[2,0],"6":[2,0],"7":[0,0],"8":[0],"9":[0,2],"10":[2,2],"11":[0,2],"12":[0,2],"13":[1,1],"14":[0],"15":[0,1],"16":[1,1],"17":[1,0],"18":[17,1],"19":[17,11],"20":[0],"21":[0],"22":[0,1],"23":[1,0],"24":[0,0],"25":[0,0],"26":[0,0],"27":[0,0],"28":[0,0],"29":[3,0],"30":[0,0],"31":[0,0],"32":[0,0],"33":[3,0],"34":[3,0],"35":[1,0]},"_coverageSchema":"1a1c01bbd47fc00a2c39e90264f33305004495a9","hash":"9eec44bfc63dcc7716fa15a0f3abcfaae4ca2df8"}
,"/Users/prbhvv/Coding/cascade_project/railway-planner/backend/services/PathfindingService.js": {"path":"/Users/prbhvv/Coding/cascade_project/railway-planner/backend/services/PathfindingService.js","statementMap":{"0":{"start":{"line":1,"column":22},"end":{"line":1,"column":55}},"1":{"start":{"line":5,"column":4},"end":{"line":5,"column":27}},"2":{"start":{"line":6,"column":4},"end":{"line":6,"column":30}},"3":{"start":{"line":11,"column":4},"end":{"line":13,"column":7}},"4":{"start":{"line":12,"column":6},"end":{"line":12,"column":55}},"5":{"start":{"line":16,"column":4},"end":{"line":24,"column":7}},"6":{"start":{"line":17,"column":56},"end":{"line":17,"column":61}},"7":{"start":{"line":18,"column":6},"end":{"line":23,"column":8}},"8":{"start":{"line":29,"column":4},"end":{"line":32,"column":5}},"9":{"start":{"line":30,"column":6},"end":{"line":30,"column":36}},"10":{"start":{"line":31,"column":6},"end":{"line":31,"column":48}},"11":{"start":{"line":36,"column":4},"end":{"line":38,"column":5}},"12":{"start":{"line":37,"column":6},"end":{"line":37,"column":65}},"13":{"start":{"line":40,"column":4},"end":{"line":44,"column":7}},"14":{"start":{"line":48,"column":30},"end":{"line":48,"column":37}},"15":{"start":{"line":49,"column":22},"end":{"line":49,"column":24}},"16":{"start":{"line":50,"column":21},"end":{"line":50,"column":23}},"17":{"start":{"line":51,"column":15},"end":{"line":51,"column":34}},"18":{"start":{"line":52,"column":20},"end":{"line":52,"column":29}},"19":{"start":{"line":53,"column":18},"end":{"line":53,"column":20}},"20":{"start":{"line":56,"column":4},"end":{"line":61,"column":5}},"21":{"start":{"line":57,"column":6},"end":{"line":57,"column":60}},"22":{"start":{"line":58,"column":6},"end":{"line":58,"column":31}},"23":{"start":{"line":59,"column":6},"end":{"line":59,"column":25}},"24":{"start":{"line":60,"column":6},"end":{"line":60,"column":46}},"25":{"start":{"line":63,"column":4},"end":{"line":92,"column":5}},"26":{"start":{"line":64,"column":22},"end":{"line":64,"column":42}},"27":{"start":{"line":66,"column":6},"end":{"line":66,"column":33}},"28":{"start":{"line":66,"column":27},"end":{"line":66,"column":33}},"29":{"start":{"line":67,"column":6},"end":{"line":67,"column":41}},"30":{"start":{"line":67,"column":32},"end":{"line":67,"column":41}},"31":{"start":{"line":69,"column":6},"end":{"line":69,"column":27}},"32":{"start":{"line":70,"column":6},"end":{"line":70,"column":47}},"33":{"start":{"line":70,"column":38},"end":{"line":70,"column":47}},"34":{"start":{"line":72,"column":24},"end":{"line":72,"column":53}},"35":{"start":{"line":74,"column":6},"end":{"line":91,"column":7}},"36":{"start":{"line":75,"column":46},"end":{"line":75,"column":54}},"37":{"start":{"line":76,"column":30},"end":{"line":76,"column":57}},"38":{"start":{"line":78,"column":8},"end":{"line":90,"column":9}},"39":{"start":{"line":79,"column":10},"end":{"line":79,"column":42}},"40":{"start":{"line":80,"column":10},"end":{"line":83,"column":12}},"41":{"start":{"line":84,"column":10},"end":{"line":84,"column":43}},"42":{"start":{"line":86,"column":10},"end":{"line":88,"column":11}},"43":{"start":{"line":87,"column":12},"end":{"line":87,"column":70}},"44":{"start":{"line":87,"column":47},"end":{"line":87,"column":68}},"45":{"start":{"line":89,"column":10},"end":{"line":89,"column":42}},"46":{"start":{"line":94,"column":4},"end":{"line":94,"column":66}},"47":{"start":{"line":98,"column":17},"end":{"line":98,"column":19}},"48":{"start":{"line":99,"column":18},"end":{"line":99,"column":21}},"49":{"start":{"line":101,"column":4},"end":{"line":103,"column":5}},"50":{"start":{"line":102,"column":6},"end":{"line":102,"column":18}},"51":{"start":{"line":105,"column":4},"end":{"line":111,"column":5}},"52":{"start":{"line":106,"column":6},"end":{"line":109,"column":9}},"53":{"start":{"line":110,"column":6},"end":{"line":110,"column":40}},"54":{"start":{"line":113,"column":4},"end":{"line":117,"column":6}},"55":{"start":{"line":121,"column":18},"end":{"line":121,"column":20}},"56":{"start":{"line":122,"column":20},"end":{"line":122,"column":29}},"57":{"start":{"line":124,"column":16},"end":{"line":150,"column":5}},"58":{"start":{"line":125,"column":6},"end":{"line":125,"column":28}},"59":{"start":{"line":125,"column":21},"end":{"line":125,"column":28}},"60":{"start":{"line":126,"column":6},"end":{"line":133,"column":7}},"61":{"start":{"line":127,"column":8},"end":{"line":131,"column":11}},"62":{"start":{"line":132,"column":8},"end":{"line":132,"column":15}},"63":{"start":{"line":135,"column":6},"end":{"line":135,"column":27}},"64":{"start":{"line":136,"column":24},"end":{"line":136,"column":53}},"65":{"start":{"line":138,"column":6},"end":{"line":147,"column":7}},"66":{"start":{"line":139,"column":8},"end":{"line":146,"column":9}},"67":{"start":{"line":140,"column":10},"end":{"line":145,"column":12}},"68":{"start":{"line":149,"column":6},"end":{"line":149,"column":30}},"69":{"start":{"line":152,"column":4},"end":{"line":152,"column":25}},"70":{"start":{"line":154,"column":4},"end":{"line":156,"column":26}},"71":{"start":{"line":155,"column":22},"end":{"line":155,"column":55}},"72":{"start":{"line":160,"column":0},"end":{"line":160,"column":42}}},"fnMap":{"0":{"name":"(anonymous_0)","decl":{"start":{"line":4,"column":2},"end":{"line":4,"column":3}},"loc":{"start":{"line":4,"column":16},"end":{"line":7,"column":3}},"line":4},"1":{"name":"(anonymous_1)","decl":{"start":{"line":9,"column":2},"end":{"line":9,"column":3}},"loc":{"start":{"line":9,"column":36},"end":{"line":25,"column":3}},"line":9},"2":{"name":"(anonymous_2)","decl":{"start":{"line":11,"column":21},"end":{"line":11,"column":22}},"loc":{"start":{"line":11,"column":32},"end":{"line":13,"column":5}},"line":11},"3":{"name":"(anonymous_3)","decl":{"start":{"line":16,"column":19},"end":{"line":16,"column":20}},"loc":{"start":{"line":16,"column":28},"end":{"line":24,"column":5}},"line":16},"4":{"name":"(anonymous_4)","decl":{"start":{"line":28,"column":2},"end":{"line":28,"column":3}},"loc":{"start":{"line":28,"column":37},"end":{"line":33,"column":3}},"line":28},"5":{"name":"(anonymous_5)","decl":{"start":{"line":35,"column":2},"end":{"line":35,"column":3}},"loc":{"start":{"line":35,"column":56},"end":{"line":45,"column":3}},"line":35},"6":{"name":"(anonymous_6)","decl":{"start":{"line":47,"column":2},"end":{"line":47,"column":3}},"loc":{"start":{"line":47,"column":51},"end":{"line":95,"column":3}},"line":47},"7":{"name":"(anonymous_7)","decl":{"start":{"line":87,"column":39},"end":{"line":87,"column":40}},"loc":{"start":{"line":87,"column":47},"end":{"line":87,"column":68}},"line":87},"8":{"name":"(anonymous_8)","decl":{"start":{"line":97,"column":2},"end":{"line":97,"column":3}},"loc":{"start":{"line":97,"column":52},"end":{"line":118,"column":3}},"line":97},"9":{"name":"(anonymous_9)","decl":{"start":{"line":120,"column":2},"end":{"line":120,"column":3}},"loc":{"start":{"line":120,"column":41},"end":{"line":157,"column":3}},"line":120},"10":{"name":"(anonymous_10)","decl":{"start":{"line":124,"column":16},"end":{"line":124,"column":17}},"loc":{"start":{"line":124,"column":52},"end":{"line":150,"column":5}},"line":124},"11":{"name":"(anonymous_11)","decl":{"start":{"line":155,"column":12},"end":{"line":155,"column":13}},"loc":{"start":{"line":155,"column":22},"end":{"line":155,"column":55}},"line":155}},"branchMap":{"0":{"loc":{"start":{"line":29,"column":4},"end":{"line":32,"column":5}},"type":"if","locations":[{"start":{"line":29,"column":4},"end":{"line":32,"column":5}},{"start":{},"end":{}}],"line":29},"1":{"loc":{"start":{"line":35,"column":45},"end":{"line":35,"column":54}},"type":"default-arg","locations":[{"start":{"line":35,"column":52},"end":{"line":35,"column":54}}],"line":35},"2":{"loc":{"start":{"line":36,"column":4},"end":{"line":38,"column":5}},"type":"if","locations":[{"start":{"line":36,"column":4},"end":{"line":38,"column":5}},{"start":{},"end":{}}],"line":36},"3":{"loc":{"start":{"line":36,"column":8},"end":{"line":36,"column":63}},"type":"binary-expr","locations":[{"start":{"line":36,"column":8},"end":{"line":36,"column":31}},{"start":{"line":36,"column":35},"end":{"line":36,"column":63}}],"line":36},"4":{"loc":{"start":{"line":47,"column":37},"end":{"line":47,"column":49}},"type":"default-arg","locations":[{"start":{"line":47,"column":47},"end":{"line":47,"column":49}}],"line":47},"5":{"loc":{"start":{"line":48,"column":12},"end":{"line":48,"column":25}},"type":"default-arg","locations":[{"start":{"line":48,"column":23},"end":{"line":48,"column":25}}],"line":48},"6":{"loc":{"start":{"line":57,"column":27},"end":{"line":57,"column":59}},"type":"cond-expr","locations":[{"start":{"line":57,"column":47},"end":{"line":57,"column":48}},{"start":{"line":57,"column":51},"end":{"line":57,"column":59}}],"line":57},"7":{"loc":{"start":{"line":66,"column":6},"end":{"line":66,"column":33}},"type":"if","locations":[{"start":{"line":66,"column":6},"end":{"line":66,"column":33}},{"start":{},"end":{}}],"line":66},"8":{"loc":{"start":{"line":67,"column":6},"end":{"line":67,"column":41}},"type":"if","locations":[{"start":{"line":67,"column":6},"end":{"line":67,"column":41}},{"start":{},"end":{}}],"line":67},"9":{"loc":{"start":{"line":70,"column":6},"end":{"line":70,"column":47}},"type":"if","locations":[{"start":{"line":70,"column":6},"end":{"line":70,"column":47}},{"start":{},"end":{}}],"line":70},"10":{"loc":{"start":{"line":72,"column":24},"end":{"line":72,"column":53}},"type":"binary-expr","locations":[{"start":{"line":72,"column":24},"end":{"line":72,"column":47}},{"start":{"line":72,"column":51},"end":{"line":72,"column":53}}],"line":72},"11":{"loc":{"start":{"line":78,"column":8},"end":{"line":90,"column":9}},"type":"if","locations":[{"start":{"line":78,"column":8},"end":{"line":90,"column":9}},{"start":{},"end":{}}],"line":78},"12":{"loc":{"start":{"line":86,"column":10},"end":{"line":88,"column":11}},"type":"if","locations":[{"start":{"line":86,"column":10},"end":{"line":88,"column":11}},{"start":{},"end":{}}],"line":86},"13":{"loc":{"start":{"line":101,"column":4},"end":{"line":103,"column":5}},"type":"if","locations":[{"start":{"line":101,"column":4},"end":{"line":103,"column":5}},{"start":{},"end":{}}],"line":101},"14":{"loc":{"start":{"line":101,"column":8},"end":{"line":101,"column":55}},"type":"binary-expr","locations":[{"start":{"line":101,"column":8},"end":{"line":101,"column":34}},{"start":{"line":101,"column":38},"end":{"line":101,"column":55}}],"line":101},"15":{"loc":{"start":{"line":108,"column":12},"end":{"line":108,"column":35}},"type":"binary-expr","locations":[{"start":{"line":108,"column":12},"end":{"line":108,"column":29}},{"start":{"line":108,"column":33},"end":{"line":108,"column":35}}],"line":108},"16":{"loc":{"start":{"line":120,"column":27},"end":{"line":120,"column":39}},"type":"default-arg","locations":[{"start":{"line":120,"column":38},"end":{"line":120,"column":39}}],"line":120},"17":{"loc":{"start":{"line":125,"column":6},"end":{"line":125,"column":28}},"type":"if","locations":[{"start":{"line":125,"column":6},"end":{"line":125,"column":28}},{"start":{},"end":{}}],"line":125},"18":{"loc":{"start":{"line":126,"column":6},"end":{"line":133,"column":7}},"type":"if","locations":[{"start":{"line":126,"column":6},"end":{"line":133,"column":7}},{"start":{},"end":{}}],"line":126},"19":{"loc":{"start":{"line":136,"column":24},"end":{"line":136,"column":53}},"type":"binary-expr","locations":[{"start":{"line":136,"column":24},"end":{"line":136,"column":47}},{"start":{"line":136,"column":51},"end":{"line":136,"column":53}}],"line":136},"20":{"loc":{"start":{"line":139,"column":8},"end":{"line":146,"column":9}},"type":"if","locations":[{"start":{"line":139,"column":8},"end":{"line":146,"column":9}},{"start":{},"end":{}}],"line":139}},"s":{"0":1,"1":1,"2":1,"3":0,"4":0,"5":0,"6":0,"7":0,"8":0,"9":0,"10":0,"11":0,"12":0,"13":0,"14":0,"15":0,"16":0,"17":0,"18":0,"19":0,"20":0,"21":0,"22":0,"23":0,"24":0,"25":0,"26":0,"27":0,"28":0,"29":0,"30":0,"31":0,"32":0,"33":0,"34":0,"35":0,"36":0,"37":0,"38":0,"39":0,"40":0,"41":0,"42":0,"43":0,"44":0,"45":0,"46":0,"47":0,"48":0,"49":0,"50":0,"51":0,"52":0,"53":0,"54":0,"55":0,"56":0,"57":0,"58":0,"59":0,"60":0,"61":0,"62":0,"63":0,"64":0,"65":0,"66":0,"67":0,"68":0,"69":0,"70":0,"71":0,"72":1},"f":{"0":1,"1":0,"2":0,"3":0,"4":0,"5":0,"6":0,"7":0,"8":0,"9":0,"10":0,"11":0},"b":{"0":[0,0],"1":[0],"2":[0,0],"3":[0,0],"4":[0],"5":[0],"6":[0,0],"7":[0,0],"8":[0,0],"9":[0,0],"10":[0,0],"11":[0,0],"12":[0,0],"13":[0,0],"14":[0,0],"15":[0,0],"16":[0],"17":[0,0],"18":[0,0],"19":[0,0],"20":[0,0]},"_coverageSchema":"1a1c01bbd47fc00a2c39e90264f33305004495a9","hash":"6d6f01b94ddc0d8fbec5d5314426e2378855d4e5"}
,"/Users/prbhvv/Coding/cascade_project/railway-planner/backend/utils/KMPSearch.js": {"path":"/Users/prbhvv/Coding/cascade_project/railway-planner/backend/utils/KMPSearch.js","statementMap":{"0":{"start":{"line":3,"column":16},"end":{"line":3,"column":45}},"1":{"start":{"line":4,"column":14},"end":{"line":4,"column":15}},"2":{"start":{"line":5,"column":12},"end":{"line":5,"column":13}},"3":{"start":{"line":7,"column":4},"end":{"line":20,"column":5}},"4":{"start":{"line":8,"column":6},"end":{"line":19,"column":7}},"5":{"start":{"line":9,"column":8},"end":{"line":9,"column":14}},"6":{"start":{"line":10,"column":8},"end":{"line":10,"column":21}},"7":{"start":{"line":11,"column":8},"end":{"line":11,"column":12}},"8":{"start":{"line":13,"column":8},"end":{"line":18,"column":9}},"9":{"start":{"line":14,"column":10},"end":{"line":14,"column":29}},"10":{"start":{"line":16,"column":10},"end":{"line":16,"column":21}},"11":{"start":{"line":17,"column":10},"end":{"line":17,"column":14}},"12":{"start":{"line":21,"column":4},"end":{"line":21,"column":15}},"13":{"start":{"line":25,"column":4},"end":{"line":25,"column":37}},"14":{"start":{"line":25,"column":27},"end":{"line":25,"column":37}},"15":{"start":{"line":26,"column":22},"end":{"line":26,"column":24}},"16":{"start":{"line":27,"column":14},"end":{"line":27,"column":28}},"17":{"start":{"line":28,"column":14},"end":{"line":28,"column":25}},"18":{"start":{"line":29,"column":16},"end":{"line":29,"column":45}},"19":{"start":{"line":30,"column":12},"end":{"line":30,"column":13}},"20":{"start":{"line":31,"column":12},"end":{"line":31,"column":13}},"21":{"start":{"line":33,"column":4},"end":{"line":49,"column":5}},"22":{"start":{"line":34,"column":6},"end":{"line":37,"column":7}},"23":{"start":{"line":35,"column":8},"end":{"line":35,"column":12}},"24":{"start":{"line":36,"column":8},"end":{"line":36,"column":12}},"25":{"start":{"line":39,"column":6},"end":{"line":48,"column":7}},"26":{"start":{"line":40,"column":8},"end":{"line":40,"column":30}},"27":{"start":{"line":41,"column":8},"end":{"line":41,"column":23}},"28":{"start":{"line":42,"column":13},"end":{"line":48,"column":7}},"29":{"start":{"line":43,"column":8},"end":{"line":47,"column":9}},"30":{"start":{"line":44,"column":10},"end":{"line":44,"column":25}},"31":{"start":{"line":46,"column":10},"end":{"line":46,"column":14}},"32":{"start":{"line":50,"column":4},"end":{"line":50,"column":21}},"33":{"start":{"line":54,"column":22},"end":{"line":54,"column":76}},"34":{"start":{"line":55,"column":4},"end":{"line":55,"column":44}},"35":{"start":{"line":55,"column":32},"end":{"line":55,"column":44}},"36":{"start":{"line":57,"column":17},"end":{"line":57,"column":19}},"37":{"start":{"line":58,"column":20},"end":{"line":58,"column":21}},"38":{"start":{"line":60,"column":4},"end":{"line":66,"column":7}},"39":{"start":{"line":61,"column":6},"end":{"line":61,"column":47}},"40":{"start":{"line":62,"column":6},"end":{"line":62,"column":51}},"41":{"start":{"line":63,"column":6},"end":{"line":63,"column":58}},"42":{"start":{"line":64,"column":6},"end":{"line":64,"column":26}},"43":{"start":{"line":65,"column":6},"end":{"line":65,"column":39}},"44":{"start":{"line":68,"column":4},"end":{"line":68,"column":40}},"45":{"start":{"line":69,"column":4},"end":{"line":69,"column":18}},"46":{"start":{"line":73,"column":0},"end":{"line":73,"column":27}}},"fnMap":{"0":{"name":"(anonymous_0)","decl":{"start":{"line":2,"column":2},"end":{"line":2,"column":3}},"loc":{"start":{"line":2,"column":34},"end":{"line":22,"column":3}},"line":2},"1":{"name":"(anonymous_1)","decl":{"start":{"line":24,"column":2},"end":{"line":24,"column":3}},"loc":{"start":{"line":24,"column":31},"end":{"line":51,"column":3}},"line":24},"2":{"name":"(anonymous_2)","decl":{"start":{"line":53,"column":2},"end":{"line":53,"column":3}},"loc":{"start":{"line":53,"column":68},"end":{"line":70,"column":3}},"line":53},"3":{"name":"(anonymous_3)","decl":{"start":{"line":60,"column":22},"end":{"line":60,"column":23}},"loc":{"start":{"line":60,"column":29},"end":{"line":66,"column":5}},"line":60}},"branchMap":{"0":{"loc":{"start":{"line":8,"column":6},"end":{"line":19,"column":7}},"type":"if","locations":[{"start":{"line":8,"column":6},"end":{"line":19,"column":7}},{"start":{"line":12,"column":13},"end":{"line":19,"column":7}}],"line":8},"1":{"loc":{"start":{"line":13,"column":8},"end":{"line":18,"column":9}},"type":"if","locations":[{"start":{"line":13,"column":8},"end":{"line":18,"column":9}},{"start":{"line":15,"column":15},"end":{"line":18,"column":9}}],"line":13},"2":{"loc":{"start":{"line":25,"column":4},"end":{"line":25,"column":37}},"type":"if","locations":[{"start":{"line":25,"column":4},"end":{"line":25,"column":37}},{"start":{},"end":{}}],"line":25},"3":{"loc":{"start":{"line":25,"column":8},"end":{"line":25,"column":25}},"type":"binary-expr","locations":[{"start":{"line":25,"column":8},"end":{"line":25,"column":13}},{"start":{"line":25,"column":17},"end":{"line":25,"column":25}}],"line":25},"4":{"loc":{"start":{"line":34,"column":6},"end":{"line":37,"column":7}},"type":"if","locations":[{"start":{"line":34,"column":6},"end":{"line":37,"column":7}},{"start":{},"end":{}}],"line":34},"5":{"loc":{"start":{"line":39,"column":6},"end":{"line":48,"column":7}},"type":"if","locations":[{"start":{"line":39,"column":6},"end":{"line":48,"column":7}},{"start":{"line":42,"column":13},"end":{"line":48,"column":7}}],"line":39},"6":{"loc":{"start":{"line":42,"column":13},"end":{"line":48,"column":7}},"type":"if","locations":[{"start":{"line":42,"column":13},"end":{"line":48,"column":7}},{"start":{},"end":{}}],"line":42},"7":{"loc":{"start":{"line":42,"column":17},"end":{"line":42,"column":48}},"type":"binary-expr","locations":[{"start":{"line":42,"column":17},"end":{"line":42,"column":22}},{"start":{"line":42,"column":26},"end":{"line":42,"column":48}}],"line":42},"8":{"loc":{"start":{"line":43,"column":8},"end":{"line":47,"column":9}},"type":"if","locations":[{"start":{"line":43,"column":8},"end":{"line":47,"column":9}},{"start":{"line":45,"column":15},"end":{"line":47,"column":9}}],"line":43},"9":{"loc":{"start":{"line":53,"column":38},"end":{"line":53,"column":66}},"type":"default-arg","locations":[{"start":{"line":53,"column":55},"end":{"line":53,"column":66}}],"line":53},"10":{"loc":{"start":{"line":55,"column":4},"end":{"line":55,"column":44}},"type":"if","locations":[{"start":{"line":55,"column":4},"end":{"line":55,"column":44}},{"start":{},"end":{}}],"line":55}},"s":{"0":3,"1":3,"2":3,"3":3,"4":36,"5":2,"6":2,"7":2,"8":34,"9":2,"10":32,"11":32,"12":3,"13":3,"14":0,"15":3,"16":3,"17":3,"18":3,"19":3,"20":3,"21":3,"22":294,"23":27,"24":27,"25":294,"26":2,"27":2,"28":292,"29":272,"30":5,"31":267,"32":3,"33":1,"34":1,"35":0,"36":1,"37":1,"38":1,"39":1,"40":1,"41":1,"42":1,"43":1,"44":1,"45":1,"46":1},"f":{"0":3,"1":3,"2":1,"3":1},"b":{"0":[2,34],"1":[2,32],"2":[0,3],"3":[3,3],"4":[27,267],"5":[2,292],"6":[272,20],"7":[292,292],"8":[5,267],"9":[0],"10":[0,1]},"_coverageSchema":"1a1c01bbd47fc00a2c39e90264f33305004495a9","hash":"b2ed1c5f2bcb4f188e8e860d8a92a15de7ea45c9"}
,"/Users/prbhvv/Coding/cascade_project/railway-planner/backend/utils/PriorityQueue.js": {"path":"/Users/prbhvv/Coding/cascade_project/railway-planner/backend/utils/PriorityQueue.js","statementMap":{"0":{"start":{"line":3,"column":4},"end":{"line":3,"column":20}},"1":{"start":{"line":7,"column":25},"end":{"line":7,"column":46}},"2":{"start":{"line":8,"column":16},"end":{"line":8,"column":21}},"3":{"start":{"line":10,"column":4},"end":{"line":16,"column":5}},"4":{"start":{"line":10,"column":17},"end":{"line":10,"column":18}},"5":{"start":{"line":11,"column":6},"end":{"line":15,"column":7}},"6":{"start":{"line":12,"column":8},"end":{"line":12,"column":46}},"7":{"start":{"line":13,"column":8},"end":{"line":13,"column":21}},"8":{"start":{"line":14,"column":8},"end":{"line":14,"column":14}},"9":{"start":{"line":18,"column":4},"end":{"line":20,"column":5}},"10":{"start":{"line":19,"column":6},"end":{"line":19,"column":36}},"11":{"start":{"line":24,"column":4},"end":{"line":24,"column":36}},"12":{"start":{"line":24,"column":24},"end":{"line":24,"column":36}},"13":{"start":{"line":25,"column":4},"end":{"line":25,"column":30}},"14":{"start":{"line":29,"column":4},"end":{"line":29,"column":35}},"15":{"start":{"line":33,"column":4},"end":{"line":33,"column":61}},"16":{"start":{"line":33,"column":35},"end":{"line":33,"column":59}},"17":{"start":{"line":37,"column":0},"end":{"line":37,"column":31}}},"fnMap":{"0":{"name":"(anonymous_0)","decl":{"start":{"line":2,"column":2},"end":{"line":2,"column":3}},"loc":{"start":{"line":2,"column":16},"end":{"line":4,"column":3}},"line":2},"1":{"name":"(anonymous_1)","decl":{"start":{"line":6,"column":2},"end":{"line":6,"column":3}},"loc":{"start":{"line":6,"column":29},"end":{"line":21,"column":3}},"line":6},"2":{"name":"(anonymous_2)","decl":{"start":{"line":23,"column":2},"end":{"line":23,"column":3}},"loc":{"start":{"line":23,"column":12},"end":{"line":26,"column":3}},"line":23},"3":{"name":"(anonymous_3)","decl":{"start":{"line":28,"column":2},"end":{"line":28,"column":3}},"loc":{"start":{"line":28,"column":12},"end":{"line":30,"column":3}},"line":28},"4":{"name":"(anonymous_4)","decl":{"start":{"line":32,"column":2},"end":{"line":32,"column":3}},"loc":{"start":{"line":32,"column":15},"end":{"line":34,"column":3}},"line":32},"5":{"name":"(anonymous_5)","decl":{"start":{"line":33,"column":27},"end":{"line":33,"column":28}},"loc":{"start":{"line":33,"column":35},"end":{"line":33,"column":59}},"line":33}},"branchMap":{"0":{"loc":{"start":{"line":11,"column":6},"end":{"line":15,"column":7}},"type":"if","locations":[{"start":{"line":11,"column":6},"end":{"line":15,"column":7}},{"start":{},"end":{}}],"line":11},"1":{"loc":{"start":{"line":18,"column":4},"end":{"line":20,"column":5}},"type":"if","locations":[{"start":{"line":18,"column":4},"end":{"line":20,"column":5}},{"start":{},"end":{}}],"line":18},"2":{"loc":{"start":{"line":24,"column":4},"end":{"line":24,"column":36}},"type":"if","locations":[{"start":{"line":24,"column":4},"end":{"line":24,"column":36}},{"start":{},"end":{}}],"line":24}},"s":{"0":0,"1":0,"2":0,"3":0,"4":0,"5":0,"6":0,"7":0,"8":0,"9":0,"10":0,"11":0,"12":0,"13":0,"14":0,"15":0,"16":0,"17":1},"f":{"0":0,"1":0,"2":0,"3":0,"4":0,"5":0},"b":{"0":[0,0],"1":[0,0],"2":[0,0]},"_coverageSchema":"1a1c01bbd47fc00a2c39e90264f33305004495a9","hash":"ab05fdaad94d55f08868a5196eddb9c2513d25b2"}
,"/Users/prbhvv/Coding/cascade_project/railway-planner/backend/utils/QuickSort.js": {"path":"/Users/prbhvv/Coding/cascade_project/railway-planner/backend/utils/QuickSort.js","statementMap":{"0":{"start":{"line":3,"column":4},"end":{"line":3,"column":36}},"1":{"start":{"line":3,"column":25},"end":{"line":3,"column":36}},"2":{"start":{"line":5,"column":18},"end":{"line":5,"column":24}},"3":{"start":{"line":6,"column":17},"end":{"line":6,"column":19}},"4":{"start":{"line":7,"column":18},"end":{"line":7,"column":20}},"5":{"start":{"line":9,"column":4},"end":{"line":15,"column":5}},"6":{"start":{"line":9,"column":17},"end":{"line":9,"column":18}},"7":{"start":{"line":10,"column":6},"end":{"line":14,"column":7}},"8":{"start":{"line":11,"column":8},"end":{"line":11,"column":26}},"9":{"start":{"line":13,"column":8},"end":{"line":13,"column":27}},"10":{"start":{"line":17,"column":4},"end":{"line":21,"column":6}},"11":{"start":{"line":25,"column":4},"end":{"line":25,"column":30}},"12":{"start":{"line":25,"column":23},"end":{"line":25,"column":30}},"13":{"start":{"line":27,"column":23},"end":{"line":27,"column":66}},"14":{"start":{"line":28,"column":4},"end":{"line":28,"column":59}},"15":{"start":{"line":29,"column":4},"end":{"line":29,"column":60}},"16":{"start":{"line":31,"column":4},"end":{"line":31,"column":15}},"17":{"start":{"line":35,"column":18},"end":{"line":35,"column":28}},"18":{"start":{"line":36,"column":12},"end":{"line":36,"column":20}},"19":{"start":{"line":38,"column":4},"end":{"line":43,"column":5}},"20":{"start":{"line":38,"column":17},"end":{"line":38,"column":21}},"21":{"start":{"line":39,"column":6},"end":{"line":42,"column":7}},"22":{"start":{"line":40,"column":8},"end":{"line":40,"column":12}},"23":{"start":{"line":41,"column":8},"end":{"line":41,"column":44}},"24":{"start":{"line":45,"column":4},"end":{"line":45,"column":56}},"25":{"start":{"line":46,"column":4},"end":{"line":46,"column":17}},"26":{"start":{"line":50,"column":22},"end":{"line":54,"column":5}},"27":{"start":{"line":51,"column":6},"end":{"line":51,"column":55}},"28":{"start":{"line":51,"column":29},"end":{"line":51,"column":55}},"29":{"start":{"line":52,"column":6},"end":{"line":52,"column":55}},"30":{"start":{"line":52,"column":29},"end":{"line":52,"column":55}},"31":{"start":{"line":53,"column":6},"end":{"line":53,"column":15}},"32":{"start":{"line":56,"column":4},"end":{"line":56,"column":42}},"33":{"start":{"line":60,"column":22},"end":{"line":66,"column":5}},"34":{"start":{"line":61,"column":6},"end":{"line":64,"column":7}},"35":{"start":{"line":62,"column":8},"end":{"line":62,"column":57}},"36":{"start":{"line":62,"column":31},"end":{"line":62,"column":57}},"37":{"start":{"line":63,"column":8},"end":{"line":63,"column":57}},"38":{"start":{"line":63,"column":31},"end":{"line":63,"column":57}},"39":{"start":{"line":65,"column":6},"end":{"line":65,"column":15}},"40":{"start":{"line":68,"column":4},"end":{"line":68,"column":42}},"41":{"start":{"line":72,"column":0},"end":{"line":72,"column":27}}},"fnMap":{"0":{"name":"(anonymous_0)","decl":{"start":{"line":2,"column":2},"end":{"line":2,"column":3}},"loc":{"start":{"line":2,"column":30},"end":{"line":22,"column":3}},"line":2},"1":{"name":"(anonymous_1)","decl":{"start":{"line":24,"column":2},"end":{"line":24,"column":3}},"loc":{"start":{"line":24,"column":71},"end":{"line":32,"column":3}},"line":24},"2":{"name":"(anonymous_2)","decl":{"start":{"line":34,"column":2},"end":{"line":34,"column":3}},"loc":{"start":{"line":34,"column":48},"end":{"line":47,"column":3}},"line":34},"3":{"name":"(anonymous_3)","decl":{"start":{"line":49,"column":2},"end":{"line":49,"column":3}},"loc":{"start":{"line":49,"column":53},"end":{"line":57,"column":3}},"line":49},"4":{"name":"(anonymous_4)","decl":{"start":{"line":50,"column":22},"end":{"line":50,"column":23}},"loc":{"start":{"line":50,"column":32},"end":{"line":54,"column":5}},"line":50},"5":{"name":"(anonymous_5)","decl":{"start":{"line":59,"column":2},"end":{"line":59,"column":3}},"loc":{"start":{"line":59,"column":53},"end":{"line":69,"column":3}},"line":59},"6":{"name":"(anonymous_6)","decl":{"start":{"line":60,"column":22},"end":{"line":60,"column":23}},"loc":{"start":{"line":60,"column":32},"end":{"line":66,"column":5}},"line":60}},"branchMap":{"0":{"loc":{"start":{"line":3,"column":4},"end":{"line":3,"column":36}},"type":"if","locations":[{"start":{"line":3,"column":4},"end":{"line":3,"column":36}},{"start":{},"end":{}}],"line":3},"1":{"loc":{"start":{"line":10,"column":6},"end":{"line":14,"column":7}},"type":"if","locations":[{"start":{"line":10,"column":6},"end":{"line":14,"column":7}},{"start":{"line":12,"column":13},"end":{"line":14,"column":7}}],"line":10},"2":{"loc":{"start":{"line":24,"column":37},"end":{"line":24,"column":45}},"type":"default-arg","locations":[{"start":{"line":24,"column":44},"end":{"line":24,"column":45}}],"line":24},"3":{"loc":{"start":{"line":24,"column":47},"end":{"line":24,"column":69}},"type":"default-arg","locations":[{"start":{"line":24,"column":55},"end":{"line":24,"column":69}}],"line":24},"4":{"loc":{"start":{"line":25,"column":4},"end":{"line":25,"column":30}},"type":"if","locations":[{"start":{"line":25,"column":4},"end":{"line":25,"column":30}},{"start":{},"end":{}}],"line":25},"5":{"loc":{"start":{"line":39,"column":6},"end":{"line":42,"column":7}},"type":"if","locations":[{"start":{"line":39,"column":6},"end":{"line":42,"column":7}},{"start":{},"end":{}}],"line":39},"6":{"loc":{"start":{"line":49,"column":35},"end":{"line":49,"column":51}},"type":"default-arg","locations":[{"start":{"line":49,"column":47},"end":{"line":49,"column":51}}],"line":49},"7":{"loc":{"start":{"line":51,"column":6},"end":{"line":51,"column":55}},"type":"if","locations":[{"start":{"line":51,"column":6},"end":{"line":51,"column":55}},{"start":{},"end":{}}],"line":51},"8":{"loc":{"start":{"line":51,"column":36},"end":{"line":51,"column":54}},"type":"cond-expr","locations":[{"start":{"line":51,"column":48},"end":{"line":51,"column":50}},{"start":{"line":51,"column":53},"end":{"line":51,"column":54}}],"line":51},"9":{"loc":{"start":{"line":52,"column":6},"end":{"line":52,"column":55}},"type":"if","locations":[{"start":{"line":52,"column":6},"end":{"line":52,"column":55}},{"start":{},"end":{}}],"line":52},"10":{"loc":{"start":{"line":52,"column":36},"end":{"line":52,"column":54}},"type":"cond-expr","locations":[{"start":{"line":52,"column":48},"end":{"line":52,"column":49}},{"start":{"line":52,"column":52},"end":{"line":52,"column":54}}],"line":52},"11":{"loc":{"start":{"line":62,"column":8},"end":{"line":62,"column":57}},"type":"if","locations":[{"start":{"line":62,"column":8},"end":{"line":62,"column":57}},{"start":{},"end":{}}],"line":62},"12":{"loc":{"start":{"line":62,"column":38},"end":{"line":62,"column":56}},"type":"cond-expr","locations":[{"start":{"line":62,"column":50},"end":{"line":62,"column":52}},{"start":{"line":62,"column":55},"end":{"line":62,"column":56}}],"line":62},"13":{"loc":{"start":{"line":63,"column":8},"end":{"line":63,"column":57}},"type":"if","locations":[{"start":{"line":63,"column":8},"end":{"line":63,"column":57}},{"start":{},"end":{}}],"line":63},"14":{"loc":{"start":{"line":63,"column":38},"end":{"line":63,"column":56}},"type":"cond-expr","locations":[{"start":{"line":63,"column":50},"end":{"line":63,"column":51}},{"start":{"line":63,"column":54},"end":{"line":63,"column":56}}],"line":63}},"s":{"0":0,"1":0,"2":0,"3":0,"4":0,"5":0,"6":0,"7":0,"8":0,"9":0,"10":0,"11":5,"12":3,"13":2,"14":2,"15":2,"16":2,"17":2,"18":2,"19":2,"20":2,"21":3,"22":2,"23":2,"24":2,"25":2,"26":0,"27":0,"28":0,"29":0,"30":0,"31":0,"32":0,"33":0,"34":0,"35":0,"36":0,"37":0,"38":0,"39":0,"40":0,"41":1},"f":{"0":0,"1":5,"2":2,"3":0,"4":0,"5":0,"6":0},"b":{"0":[0,0],"1":[0,0],"2":[1],"3":[1],"4":[3,2],"5":[2,1],"6":[0],"7":[0,0],"8":[0,0],"9":[0,0],"10":[0,0],"11":[0,0],"12":[0,0],"13":[0,0],"14":[0,0]},"_coverageSchema":"1a1c01bbd47fc00a2c39e90264f33305004495a9","hash":"07060f5652474cd32873972823458ad8839f0460"}
,"/Users/prbhvv/Coding/cascade_project/railway-planner/backend/utils/Trie.js": {"path":"/Users/prbhvv/Coding/cascade_project/railway-planner/backend/utils/Trie.js","statementMap":{"0":{"start":{"line":3,"column":4},"end":{"line":3,"column":23}},"1":{"start":{"line":4,"column":4},"end":{"line":4,"column":29}},"2":{"start":{"line":5,"column":4},"end":{"line":5,"column":24}},"3":{"start":{"line":11,"column":4},"end":{"line":11,"column":31}},"4":{"start":{"line":12,"column":4},"end":{"line":12,"column":26}},"5":{"start":{"line":16,"column":15},"end":{"line":16,"column":24}},"6":{"start":{"line":17,"column":4},"end":{"line":22,"column":5}},"7":{"start":{"line":18,"column":6},"end":{"line":20,"column":7}},"8":{"start":{"line":19,"column":8},"end":{"line":19,"column":45}},"9":{"start":{"line":21,"column":6},"end":{"line":21,"column":33}},"10":{"start":{"line":23,"column":4},"end":{"line":23,"column":28}},"11":{"start":{"line":24,"column":4},"end":{"line":24,"column":34}},"12":{"start":{"line":28,"column":15},"end":{"line":28,"column":24}},"13":{"start":{"line":29,"column":4},"end":{"line":34,"column":5}},"14":{"start":{"line":30,"column":6},"end":{"line":32,"column":7}},"15":{"start":{"line":31,"column":8},"end":{"line":31,"column":18}},"16":{"start":{"line":33,"column":6},"end":{"line":33,"column":33}},"17":{"start":{"line":35,"column":4},"end":{"line":35,"column":26}},"18":{"start":{"line":36,"column":4},"end":{"line":36,"column":37}},"19":{"start":{"line":37,"column":4},"end":{"line":37,"column":40}},"20":{"start":{"line":41,"column":4},"end":{"line":46,"column":5}},"21":{"start":{"line":42,"column":6},"end":{"line":45,"column":9}},"22":{"start":{"line":47,"column":4},"end":{"line":49,"column":5}},"23":{"start":{"line":48,"column":6},"end":{"line":48,"column":51}},"24":{"start":{"line":53,"column":4},"end":{"line":55,"column":30}},"25":{"start":{"line":54,"column":22},"end":{"line":54,"column":49}},"26":{"start":{"line":55,"column":19},"end":{"line":55,"column":28}},"27":{"start":{"line":59,"column":0},"end":{"line":59,"column":22}}},"fnMap":{"0":{"name":"(anonymous_0)","decl":{"start":{"line":2,"column":2},"end":{"line":2,"column":3}},"loc":{"start":{"line":2,"column":16},"end":{"line":6,"column":3}},"line":2},"1":{"name":"(anonymous_1)","decl":{"start":{"line":10,"column":2},"end":{"line":10,"column":3}},"loc":{"start":{"line":10,"column":16},"end":{"line":13,"column":3}},"line":10},"2":{"name":"(anonymous_2)","decl":{"start":{"line":15,"column":2},"end":{"line":15,"column":3}},"loc":{"start":{"line":15,"column":31},"end":{"line":25,"column":3}},"line":15},"3":{"name":"(anonymous_3)","decl":{"start":{"line":27,"column":2},"end":{"line":27,"column":3}},"loc":{"start":{"line":27,"column":17},"end":{"line":38,"column":3}},"line":27},"4":{"name":"(anonymous_4)","decl":{"start":{"line":40,"column":2},"end":{"line":40,"column":3}},"loc":{"start":{"line":40,"column":30},"end":{"line":50,"column":3}},"line":40},"5":{"name":"(anonymous_5)","decl":{"start":{"line":52,"column":2},"end":{"line":52,"column":3}},"loc":{"start":{"line":52,"column":26},"end":{"line":56,"column":3}},"line":52},"6":{"name":"(anonymous_6)","decl":{"start":{"line":54,"column":12},"end":{"line":54,"column":13}},"loc":{"start":{"line":54,"column":22},"end":{"line":54,"column":49}},"line":54},"7":{"name":"(anonymous_7)","decl":{"start":{"line":55,"column":11},"end":{"line":55,"column":12}},"loc":{"start":{"line":55,"column":19},"end":{"line":55,"column":28}},"line":55}},"branchMap":{"0":{"loc":{"start":{"line":15,"column":15},"end":{"line":15,"column":29}},"type":"default-arg","locations":[{"start":{"line":15,"column":28},"end":{"line":15,"column":29}}],"line":15},"1":{"loc":{"start":{"line":18,"column":6},"end":{"line":20,"column":7}},"type":"if","locations":[{"start":{"line":18,"column":6},"end":{"line":20,"column":7}},{"start":{},"end":{}}],"line":18},"2":{"loc":{"start":{"line":30,"column":6},"end":{"line":32,"column":7}},"type":"if","locations":[{"start":{"line":30,"column":6},"end":{"line":32,"column":7}},{"start":{},"end":{}}],"line":30},"3":{"loc":{"start":{"line":41,"column":4},"end":{"line":46,"column":5}},"type":"if","locations":[{"start":{"line":41,"column":4},"end":{"line":46,"column":5}},{"start":{},"end":{}}],"line":41}},"s":{"0":56,"1":56,"2":56,"3":1,"4":1,"5":11,"6":11,"7":58,"8":55,"9":58,"10":11,"11":11,"12":1,"13":1,"14":4,"15":0,"16":4,"17":1,"18":1,"19":1,"20":8,"21":1,"22":8,"23":7,"24":1,"25":0,"26":1,"27":1},"f":{"0":56,"1":1,"2":11,"3":1,"4":8,"5":1,"6":0,"7":1},"b":{"0":[0],"1":[55,3],"2":[0,4],"3":[1,7]},"_coverageSchema":"1a1c01bbd47fc00a2c39e90264f33305004495a9","hash":"ed130c5ee6c0b6664d6e3b3e2cacafd53fd663cb"}
}
