TN:
SF:testApp.js
FN:22,(anonymous_0)
FN:32,(anonymous_1)
FNF:2
FNH:0
FNDA:0,(anonymous_0)
FNDA:0,(anonymous_1)
DA:1,1
DA:2,1
DA:3,1
DA:4,1
DA:7,1
DA:10,1
DA:13,1
DA:14,1
DA:15,1
DA:16,1
DA:19,1
DA:22,1
DA:23,0
DA:24,0
DA:32,1
DA:33,0
DA:40,1
LF:17
LH:14
BRDA:27,0,0,0
BRDA:27,0,1,0
BRF:2
BRH:0
end_of_record
TN:
SF:models/Review.js
FN:61,(anonymous_0)
FN:66,(anonymous_1)
FN:71,(anonymous_2)
FN:78,(anonymous_3)
FN:87,(anonymous_4)
FN:93,(anonymous_5)
FN:115,(anonymous_6)
FN:141,(anonymous_7)
FNF:8
FNH:4
FNDA:1,(anonymous_0)
FNDA:1,(anonymous_1)
FNDA:1,(anonymous_2)
FNDA:20,(anonymous_3)
FNDA:0,(anonymous_4)
FNDA:0,(anonymous_5)
FNDA:0,(anonymous_6)
FNDA:0,(anonymous_7)
DA:1,1
DA:3,1
DA:56,1
DA:57,1
DA:58,1
DA:61,1
DA:62,1
DA:66,1
DA:67,1
DA:71,1
DA:72,1
DA:73,1
DA:75,1
DA:78,20
DA:81,1
DA:83,1
DA:87,1
DA:88,0
DA:89,0
DA:90,0
DA:93,0
DA:94,0
DA:95,0
DA:96,0
DA:98,0
DA:99,0
DA:100,0
DA:101,0
DA:102,0
DA:104,0
DA:105,0
DA:107,0
DA:108,0
DA:112,0
DA:115,0
DA:116,0
DA:117,0
DA:118,0
DA:119,0
DA:121,0
DA:122,0
DA:123,0
DA:124,0
DA:126,0
DA:127,0
DA:130,0
DA:131,0
DA:133,0
DA:137,0
DA:141,0
DA:142,0
DA:147,1
LF:52
LH:18
BRDA:72,0,0,1
BRDA:72,0,1,0
BRDA:72,1,0,1
BRDA:72,1,1,0
BRDA:99,2,0,0
BRDA:99,2,1,0
BRDA:104,3,0,0
BRDA:104,3,1,0
BRDA:122,4,0,0
BRDA:122,4,1,0
BRDA:126,5,0,0
BRDA:126,5,1,0
BRDA:130,6,0,0
BRDA:130,6,1,0
BRDA:142,7,0,0
BRDA:142,7,1,0
BRF:16
BRH:2
end_of_record
TN:
SF:models/Station.js
FN:47,(anonymous_0)
FNF:1
FNH:0
FNDA:0,(anonymous_0)
DA:1,1
DA:3,1
DA:43,1
DA:44,1
DA:47,1
DA:48,0
DA:62,1
DA:64,1
LF:8
LH:7
BRDA:47,0,0,0
BRF:1
BRH:0
end_of_record
TN:
SF:models/Train.js
FN:88,(anonymous_0)
FN:93,(anonymous_1)
FNF:2
FNH:0
FNDA:0,(anonymous_0)
FNDA:0,(anonymous_1)
DA:1,1
DA:3,1
DA:83,1
DA:84,1
DA:85,1
DA:88,1
DA:89,0
DA:93,1
DA:94,0
DA:95,0
DA:97,0
DA:98,0
DA:99,0
DA:101,0
DA:102,0
DA:103,0
DA:104,0
DA:111,0
DA:114,1
LF:19
LH:8
BRDA:93,0,0,0
BRDA:101,1,0,0
BRDA:101,1,1,0
BRDA:103,2,0,0
BRDA:103,2,1,0
BRF:5
BRH:0
end_of_record
TN:
SF:models/User.js
FN:36,(anonymous_0)
FN:49,(anonymous_1)
FNF:2
FNH:1
FNDA:1,(anonymous_0)
FNDA:0,(anonymous_1)
DA:1,1
DA:2,1
DA:4,1
DA:36,1
DA:37,1
DA:39,1
DA:40,1
DA:41,1
DA:42,1
DA:44,0
DA:49,1
DA:50,0
DA:53,1
LF:13
LH:11
BRDA:37,0,0,0
BRDA:37,0,1,1
BRF:2
BRH:1
end_of_record
TN:
SF:routes/searchRoutes.js
FN:12,(anonymous_0)
FN:20,(anonymous_1)
FN:21,(anonymous_2)
FN:50,(anonymous_3)
FN:86,(anonymous_4)
FN:121,(anonymous_5)
FN:142,(anonymous_6)
FN:154,(anonymous_7)
FN:172,(anonymous_8)
FN:190,(anonymous_9)
FN:193,(anonymous_10)
FN:201,(anonymous_11)
FN:223,(anonymous_12)
FN:271,(anonymous_13)
FN:279,(anonymous_14)
FNF:15
FNH:11
FNDA:1,(anonymous_0)
FNDA:0,(anonymous_1)
FNDA:0,(anonymous_2)
FNDA:1,(anonymous_3)
FNDA:2,(anonymous_4)
FNDA:2,(anonymous_5)
FNDA:2,(anonymous_6)
FNDA:0,(anonymous_7)
FNDA:1,(anonymous_8)
FNDA:1,(anonymous_9)
FNDA:18,(anonymous_10)
FNDA:11,(anonymous_11)
FNDA:1,(anonymous_12)
FNDA:0,(anonymous_13)
FNDA:3,(anonymous_14)
DA:1,1
DA:2,1
DA:3,1
DA:4,1
DA:5,1
DA:6,1
DA:7,1
DA:8,1
DA:9,1
DA:12,1
DA:13,1
DA:14,1
DA:15,1
DA:18,0
DA:20,0
DA:21,0
DA:23,0
DA:24,0
DA:39,0
DA:40,0
DA:42,1
DA:47,1
DA:50,1
DA:51,1
DA:52,1
DA:54,1
DA:55,1
DA:61,0
DA:63,0
DA:64,0
DA:70,0
DA:76,0
DA:77,0
DA:86,1
DA:87,2
DA:88,2
DA:90,2
DA:91,2
DA:97,0
DA:99,0
DA:100,0
DA:106,0
DA:111,0
DA:112,0
DA:121,1
DA:122,2
DA:123,2
DA:125,2
DA:126,0
DA:132,2
DA:133,2
DA:134,2
DA:136,2
DA:141,2
DA:143,2
DA:144,2
DA:145,1
DA:151,1
DA:154,0
DA:156,2
DA:162,0
DA:163,0
DA:172,1
DA:173,1
DA:174,1
DA:176,1
DA:177,0
DA:184,1
DA:185,1
DA:188,1
DA:190,1
DA:191,1
DA:193,1
DA:194,18
DA:195,17
DA:201,1
DA:202,11
DA:205,1
DA:207,1
DA:213,0
DA:214,0
DA:223,1
DA:224,1
DA:230,1
DA:232,1
DA:233,0
DA:240,1
DA:243,1
DA:245,1
DA:246,1
DA:251,0
DA:252,0
DA:257,0
DA:258,0
DA:263,0
DA:264,0
DA:269,0
DA:271,0
DA:279,1
DA:280,3
DA:281,3
DA:282,3
DA:284,3
DA:285,3
DA:286,3
DA:287,3
DA:288,0
DA:289,0
DA:292,0
DA:293,0
DA:294,0
DA:297,3
DA:298,3
DA:301,0
DA:305,1
DA:308,1
DA:310,1
DA:316,0
DA:317,0
DA:325,1
LF:120
LH:77
BRDA:52,0,0,0
BRDA:54,1,0,1
BRDA:54,1,1,0
BRDA:54,2,0,1
BRDA:54,2,1,0
BRDA:63,3,0,0
BRDA:63,3,1,0
BRDA:63,4,0,0
BRDA:63,4,1,0
BRDA:90,5,0,2
BRDA:90,5,1,0
BRDA:90,6,0,2
BRDA:90,6,1,0
BRDA:99,7,0,0
BRDA:99,7,1,0
BRDA:123,8,0,0
BRDA:125,9,0,0
BRDA:125,9,1,2
BRDA:125,10,0,2
BRDA:125,10,1,2
BRDA:133,11,0,0
BRDA:133,11,1,2
BRDA:134,12,0,0
BRDA:134,12,1,2
BRDA:144,13,0,1
BRDA:144,13,1,1
BRDA:174,14,0,0
BRDA:176,15,0,0
BRDA:176,15,1,1
BRDA:176,16,0,1
BRDA:176,16,1,1
BRDA:191,17,0,1
BRDA:191,17,1,0
BRDA:194,18,0,17
BRDA:194,18,1,1
BRDA:195,19,0,17
BRDA:195,19,1,11
BRDA:227,20,0,0
BRDA:228,21,0,0
BRDA:232,22,0,0
BRDA:232,22,1,1
BRDA:245,23,0,1
BRDA:245,23,1,0
BRDA:251,24,0,0
BRDA:251,24,1,0
BRDA:257,25,0,0
BRDA:257,25,1,0
BRDA:263,26,0,0
BRDA:263,26,1,0
BRDA:269,27,0,0
BRDA:269,27,1,0
BRDA:274,28,0,0
BRDA:274,28,1,0
BRDA:284,29,0,3
BRDA:284,29,1,0
BRDA:288,30,0,0
BRDA:288,30,1,0
BRDA:292,31,0,0
BRDA:292,31,1,0
BRDA:293,32,0,0
BRDA:293,32,1,0
BRDA:297,33,0,3
BRDA:297,33,1,0
BRDA:298,34,0,3
BRDA:298,34,1,0
BRDA:308,35,0,1
BRDA:308,35,1,0
BRF:67
BRH:25
end_of_record
TN:
SF:services/PathfindingService.js
FN:4,(anonymous_0)
FN:9,(anonymous_1)
FN:11,(anonymous_2)
FN:16,(anonymous_3)
FN:28,(anonymous_4)
FN:35,(anonymous_5)
FN:47,(anonymous_6)
FN:87,(anonymous_7)
FN:97,(anonymous_8)
FN:120,(anonymous_9)
FN:124,(anonymous_10)
FN:155,(anonymous_11)
FNF:12
FNH:1
FNDA:1,(anonymous_0)
FNDA:0,(anonymous_1)
FNDA:0,(anonymous_2)
FNDA:0,(anonymous_3)
FNDA:0,(anonymous_4)
FNDA:0,(anonymous_5)
FNDA:0,(anonymous_6)
FNDA:0,(anonymous_7)
FNDA:0,(anonymous_8)
FNDA:0,(anonymous_9)
FNDA:0,(anonymous_10)
FNDA:0,(anonymous_11)
DA:1,1
DA:5,1
DA:6,1
DA:11,0
DA:12,0
DA:16,0
DA:17,0
DA:18,0
DA:29,0
DA:30,0
DA:31,0
DA:36,0
DA:37,0
DA:40,0
DA:48,0
DA:49,0
DA:50,0
DA:51,0
DA:52,0
DA:53,0
DA:56,0
DA:57,0
DA:58,0
DA:59,0
DA:60,0
DA:63,0
DA:64,0
DA:66,0
DA:67,0
DA:69,0
DA:70,0
DA:72,0
DA:74,0
DA:75,0
DA:76,0
DA:78,0
DA:79,0
DA:80,0
DA:84,0
DA:86,0
DA:87,0
DA:89,0
DA:94,0
DA:98,0
DA:99,0
DA:101,0
DA:102,0
DA:105,0
DA:106,0
DA:110,0
DA:113,0
DA:121,0
DA:122,0
DA:124,0
DA:125,0
DA:126,0
DA:127,0
DA:132,0
DA:135,0
DA:136,0
DA:138,0
DA:139,0
DA:140,0
DA:149,0
DA:152,0
DA:154,0
DA:155,0
DA:160,1
LF:68
LH:4
BRDA:29,0,0,0
BRDA:29,0,1,0
BRDA:35,1,0,0
BRDA:36,2,0,0
BRDA:36,2,1,0
BRDA:36,3,0,0
BRDA:36,3,1,0
BRDA:47,4,0,0
BRDA:48,5,0,0
BRDA:57,6,0,0
BRDA:57,6,1,0
BRDA:66,7,0,0
BRDA:66,7,1,0
BRDA:67,8,0,0
BRDA:67,8,1,0
BRDA:70,9,0,0
BRDA:70,9,1,0
BRDA:72,10,0,0
BRDA:72,10,1,0
BRDA:78,11,0,0
BRDA:78,11,1,0
BRDA:86,12,0,0
BRDA:86,12,1,0
BRDA:101,13,0,0
BRDA:101,13,1,0
BRDA:101,14,0,0
BRDA:101,14,1,0
BRDA:108,15,0,0
BRDA:108,15,1,0
BRDA:120,16,0,0
BRDA:125,17,0,0
BRDA:125,17,1,0
BRDA:126,18,0,0
BRDA:126,18,1,0
BRDA:136,19,0,0
BRDA:136,19,1,0
BRDA:139,20,0,0
BRDA:139,20,1,0
BRF:38
BRH:0
end_of_record
TN:
SF:utils/KMPSearch.js
FN:2,(anonymous_0)
FN:24,(anonymous_1)
FN:53,(anonymous_2)
FN:60,(anonymous_3)
FNF:4
FNH:4
FNDA:3,(anonymous_0)
FNDA:3,(anonymous_1)
FNDA:1,(anonymous_2)
FNDA:1,(anonymous_3)
DA:3,3
DA:4,3
DA:5,3
DA:7,3
DA:8,36
DA:9,2
DA:10,2
DA:11,2
DA:13,34
DA:14,2
DA:16,32
DA:17,32
DA:21,3
DA:25,3
DA:26,3
DA:27,3
DA:28,3
DA:29,3
DA:30,3
DA:31,3
DA:33,3
DA:34,294
DA:35,27
DA:36,27
DA:39,294
DA:40,2
DA:41,2
DA:42,292
DA:43,272
DA:44,5
DA:46,267
DA:50,3
DA:54,1
DA:55,1
DA:57,1
DA:58,1
DA:60,1
DA:61,1
DA:62,1
DA:63,1
DA:64,1
DA:65,1
DA:68,1
DA:69,1
DA:73,1
LF:45
LH:45
BRDA:8,0,0,2
BRDA:8,0,1,34
BRDA:13,1,0,2
BRDA:13,1,1,32
BRDA:25,2,0,0
BRDA:25,2,1,3
BRDA:25,3,0,3
BRDA:25,3,1,3
BRDA:34,4,0,27
BRDA:34,4,1,267
BRDA:39,5,0,2
BRDA:39,5,1,292
BRDA:42,6,0,272
BRDA:42,6,1,20
BRDA:42,7,0,292
BRDA:42,7,1,292
BRDA:43,8,0,5
BRDA:43,8,1,267
BRDA:53,9,0,0
BRDA:55,10,0,0
BRDA:55,10,1,1
BRF:21
BRH:18
end_of_record
TN:
SF:utils/PriorityQueue.js
FN:2,(anonymous_0)
FN:6,(anonymous_1)
FN:23,(anonymous_2)
FN:28,(anonymous_3)
FN:32,(anonymous_4)
FN:33,(anonymous_5)
FNF:6
FNH:0
FNDA:0,(anonymous_0)
FNDA:0,(anonymous_1)
FNDA:0,(anonymous_2)
FNDA:0,(anonymous_3)
FNDA:0,(anonymous_4)
FNDA:0,(anonymous_5)
DA:3,0
DA:7,0
DA:8,0
DA:10,0
DA:11,0
DA:12,0
DA:13,0
DA:14,0
DA:18,0
DA:19,0
DA:24,0
DA:25,0
DA:29,0
DA:33,0
DA:37,1
LF:15
LH:1
BRDA:11,0,0,0
BRDA:11,0,1,0
BRDA:18,1,0,0
BRDA:18,1,1,0
BRDA:24,2,0,0
BRDA:24,2,1,0
BRF:6
BRH:0
end_of_record
TN:
SF:utils/QuickSort.js
FN:2,(anonymous_0)
FN:24,(anonymous_1)
FN:34,(anonymous_2)
FN:49,(anonymous_3)
FN:50,(anonymous_4)
FN:59,(anonymous_5)
FN:60,(anonymous_6)
FNF:7
FNH:2
FNDA:0,(anonymous_0)
FNDA:5,(anonymous_1)
FNDA:2,(anonymous_2)
FNDA:0,(anonymous_3)
FNDA:0,(anonymous_4)
FNDA:0,(anonymous_5)
FNDA:0,(anonymous_6)
DA:3,0
DA:5,0
DA:6,0
DA:7,0
DA:9,0
DA:10,0
DA:11,0
DA:13,0
DA:17,0
DA:25,5
DA:27,2
DA:28,2
DA:29,2
DA:31,2
DA:35,2
DA:36,2
DA:38,2
DA:39,3
DA:40,2
DA:41,2
DA:45,2
DA:46,2
DA:50,0
DA:51,0
DA:52,0
DA:53,0
DA:56,0
DA:60,0
DA:61,0
DA:62,0
DA:63,0
DA:65,0
DA:68,0
DA:72,1
LF:34
LH:14
BRDA:3,0,0,0
BRDA:3,0,1,0
BRDA:10,1,0,0
BRDA:10,1,1,0
BRDA:24,2,0,1
BRDA:24,3,0,1
BRDA:25,4,0,3
BRDA:25,4,1,2
BRDA:39,5,0,2
BRDA:39,5,1,1
BRDA:49,6,0,0
BRDA:51,7,0,0
BRDA:51,7,1,0
BRDA:51,8,0,0
BRDA:51,8,1,0
BRDA:52,9,0,0
BRDA:52,9,1,0
BRDA:52,10,0,0
BRDA:52,10,1,0
BRDA:62,11,0,0
BRDA:62,11,1,0
BRDA:62,12,0,0
BRDA:62,12,1,0
BRDA:63,13,0,0
BRDA:63,13,1,0
BRDA:63,14,0,0
BRDA:63,14,1,0
BRF:27
BRH:6
end_of_record
TN:
SF:utils/Trie.js
FN:2,(anonymous_0)
FN:10,(anonymous_1)
FN:15,(anonymous_2)
FN:27,(anonymous_3)
FN:40,(anonymous_4)
FN:52,(anonymous_5)
FN:54,(anonymous_6)
FN:55,(anonymous_7)
FNF:8
FNH:7
FNDA:56,(anonymous_0)
FNDA:1,(anonymous_1)
FNDA:11,(anonymous_2)
FNDA:1,(anonymous_3)
FNDA:8,(anonymous_4)
FNDA:1,(anonymous_5)
FNDA:0,(anonymous_6)
FNDA:1,(anonymous_7)
DA:3,56
DA:4,56
DA:5,56
DA:11,1
DA:12,1
DA:16,11
DA:17,11
DA:18,58
DA:19,55
DA:21,58
DA:23,11
DA:24,11
DA:28,1
DA:29,1
DA:30,4
DA:31,0
DA:33,4
DA:35,1
DA:36,1
DA:37,1
DA:41,8
DA:42,1
DA:47,8
DA:48,7
DA:53,1
DA:54,0
DA:55,1
DA:59,1
LF:28
LH:26
BRDA:15,0,0,0
BRDA:18,1,0,55
BRDA:18,1,1,3
BRDA:30,2,0,0
BRDA:30,2,1,4
BRDA:41,3,0,1
BRDA:41,3,1,7
BRF:7
BRH:5
end_of_record
